[0m2021.12.22 22:50:34 INFO  Started: Metals version 0.10.9 in workspace 'J:\scala\scala-study\stevedore' for client Visual Studio Code 1.63.2.[0m
[0m2021.12.22 22:50:35 INFO  time: initialize in 1.01s[0m
[0m2021.12.22 22:50:35 WARN  Build server is not auto-connectable.[0m
[0m2021.12.22 22:50:36 WARN  no build target for: J:\scala\scala-study\stevedore\build.sbt[0m
[0m2021.12.22 22:50:38 INFO  no build target: using presentation compiler with only scala-library: 3.1.0[0m
[0m2021.12.22 22:50:40 INFO  time: code lens generation in 4.12s[0m
[0m2021.12.22 22:54:59 WARN  no build target for: J:\scala\scala-study\stevedore\build.sbt[0m
Default dialect is deprecated; use explicit: [Scala211,scala212,Scala212Source3,scala213,Scala213Source3,Sbt0137,Sbt1,scala3]
Also see https://scalameta.org/scalafmt/docs/configuration.html#scala-dialects"
[0m2021.12.22 22:58:11 WARN  no build target for: J:\scala\scala-study\stevedore\build.sbt[0m
[0m2021.12.22 22:58:11 INFO  skipping build import with status 'Requested'[0m
[0m2021.12.22 22:59:20 WARN  no build target for: J:\scala\scala-study\stevedore\build.sbt[0m
[0m2021.12.22 22:59:20 INFO  skipping build import with status 'Requested'[0m
[0m2021.12.22 22:59:22 WARN  no build target for: J:\scala\scala-study\stevedore\build.sbt[0m
[0m2021.12.22 22:59:22 INFO  skipping build import with status 'Requested'[0m
[0m2021.12.22 23:03:00 WARN  no build target for: J:\scala\scala-study\stevedore\build.sbt[0m
[0m2021.12.22 23:06:40 WARN  no build target for: J:\scala\scala-study\stevedore\build.sbt[0m
[0m2021.12.22 23:14:39 WARN  no build target for: J:\scala\scala-study\stevedore\build.sbt[0m
[0m2021.12.22 23:14:41 WARN  no build target for: J:\scala\scala-study\stevedore\build.sbt[0m
Dec 22, 2021 11:18:57 PM org.eclipse.lsp4j.jsonrpc.services.GenericEndpoint notify
INFO: Unsupported notification method: $/setTrace
Dec 22, 2021 11:19:29 PM org.eclipse.lsp4j.jsonrpc.services.GenericEndpoint notify
INFO: Unsupported notification method: $/setTrace
Dec 22, 2021 11:21:52 PM org.eclipse.lsp4j.jsonrpc.services.GenericEndpoint notify
INFO: Unsupported notification method: $/setTrace
[0m2021.12.22 23:24:25 WARN  no build target for: J:\scala\scala-study\stevedore\build.sbt[0m
[0m2021.12.22 23:27:49 WARN  no build target for: J:\scala\scala-study\stevedore\build.sbt[0m
[0m2021.12.22 23:30:55 WARN  no build target for: J:\scala\scala-study\stevedore\server\src\main\scala\steve\Main.scala[0m
[0m2021.12.22 23:31:12 WARN  no build target for: J:\scala\scala-study\stevedore\server\src\main\scala\steve\Main.scala[0m
[0m2021.12.22 23:31:46 WARN  no build target for: J:\scala\scala-study\stevedore\server\src\main\scala\steve\Main.scala[0m
[0m2021.12.22 23:35:30 WARN  no build target for: J:\scala\scala-study\stevedore\build.sbt[0m
[0m2021.12.22 23:36:38 WARN  no build target for: J:\scala\scala-study\stevedore\build.sbt[0m
[0m2021.12.22 23:36:38 INFO  skipping build import with status 'Dismissed'[0m
[0m2021.12.22 23:48:31 WARN  no build target for: J:\scala\scala-study\stevedore\project\plugins.sbt[0m
[0m2021.12.22 23:50:24 WARN  no build target for: J:\scala\scala-study\stevedore\project\plugins.sbt[0m
[0m2021.12.22 23:52:02 WARN  no build target for: J:\scala\scala-study\stevedore\build.sbt[0m
[0m2021.12.22 23:52:02 INFO  skipping build import with status 'Dismissed'[0m
Dec 22, 2021 11:55:47 PM org.eclipse.lsp4j.jsonrpc.services.GenericEndpoint notify
INFO: Unsupported notification method: $/setTrace
Dec 22, 2021 11:56:09 PM org.eclipse.lsp4j.jsonrpc.services.GenericEndpoint notify
INFO: Unsupported notification method: $/setTrace
Dec 22, 2021 11:59:33 PM org.eclipse.lsp4j.jsonrpc.services.GenericEndpoint notify
INFO: Unsupported notification method: $/setTrace
[0m2021.12.23 00:01:08 WARN  no build target for: J:\scala\scala-study\stevedore\build.sbt[0m
[0m2021.12.23 00:02:16 WARN  no build target for: J:\scala\scala-study\stevedore\build.sbt[0m
[0m2021.12.23 00:02:16 INFO  skipping build import with status 'Dismissed'[0m
[0m2021.12.23 00:04:48 INFO  running 'C:\Program Files\Java\jdk-11.0.12\bin\java -Djline.terminal=jline.UnsupportedTerminal -Dsbt.log.noformat=true -Dfile.encoding=UTF-8 -jar C:\Users\kmarrero\AppData\Local\Temp\metals5929342092595439796\sbt-launch.jar -Dbloop.export-jar-classifiers=sources bloopInstall'[0m
[0m2021.12.23 00:04:49 INFO  [info] welcome to sbt 1.5.5 (Oracle Corporation Java 11.0.12)[0m
[0m2021.12.23 00:04:49 INFO  [info] loading global plugins from C:\Users\kmarrero\.sbt\1.0\plugins[0m
[0m2021.12.23 00:04:52 INFO  [info] loading settings for project stevedore-build-build-build from metals.sbt ...[0m
[0m2021.12.23 00:04:52 INFO  [info] loading project definition from J:\scala\scala-study\stevedore\project\project\project[0m
[0m2021.12.23 00:04:54 INFO  [info] loading settings for project stevedore-build-build from metals.sbt ...[0m
[0m2021.12.23 00:04:54 INFO  [info] loading project definition from J:\scala\scala-study\stevedore\project\project[0m
[0m2021.12.23 00:04:57 INFO  [success] Generated .bloop\stevedore-build-build.json[0m
[0m2021.12.23 00:04:57 INFO  [success] Total time: 3 s, completed Dec 23, 2021, 12:04:57 AM[0m
[0m2021.12.23 00:04:57 INFO  [info] loading settings for project stevedore-build from metals.sbt,plugins.sbt ...[0m
[0m2021.12.23 00:04:57 INFO  [info] loading project definition from J:\scala\scala-study\stevedore\project[0m
[0m2021.12.23 00:04:59 INFO  [success] Generated .bloop\stevedore-build.json[0m
[0m2021.12.23 00:04:59 INFO  [success] Total time: 1 s, completed Dec 23, 2021, 12:04:59 AM[0m
[0m2021.12.23 00:04:59 INFO  [info] loading settings for project root from build.sbt ...[0m
[0m2021.12.23 00:05:00 INFO  [info] set current project to root (in build file:/J:/scala/scala-study/stevedore/)[0m
[0m2021.12.23 00:05:02 INFO  [success] Generated .bloop\root-test.json[0m
[0m2021.12.23 00:05:02 INFO  [success] Generated .bloop\root.json[0m
[0m2021.12.23 00:05:02 INFO  [success] Generated .bloop\client.json[0m
[0m2021.12.23 00:05:02 INFO  [success] Generated .bloop\client-test.json[0m
[0m2021.12.23 00:05:03 INFO  [success] Generated .bloop\server.json[0m
[0m2021.12.23 00:05:03 INFO  [success] Generated .bloop\server-test.json[0m
[0m2021.12.23 00:05:03 INFO  [success] Total time: 3 s, completed Dec 23, 2021, 12:05:03 AM[0m
[0m2021.12.23 00:05:03 INFO  time: ran 'sbt bloopInstall' in 15s[0m
[0m2021.12.23 00:05:03 INFO  Attempting to connect to the build server...[0m
Starting the bsp launcher for bloop...
Opening a bsp server connection with 'bsp --protocol tcp --port 18550'...
Waiting for the bsp connection to come up...
[0m[32m[D][0m Loading 6 projects from 'j:\scala\scala-study\stevedore\.bloop'...
[0m[32m[D][0m Loading project from 'j:\scala\scala-study\stevedore\.bloop\root-test.json'
[0m[32m[D][0m Loading project from 'j:\scala\scala-study\stevedore\.bloop\client-test.json'
[0m[32m[D][0m Loading project from 'j:\scala\scala-study\stevedore\.bloop\client.json'
[0m[32m[D][0m Loading project from 'j:\scala\scala-study\stevedore\.bloop\root.json'
[0m[32m[D][0m Loading project from 'j:\scala\scala-study\stevedore\.bloop\server.json'
[0m[32m[D][0m Loading project from 'j:\scala\scala-study\stevedore\.bloop\server-test.json'
[0m[32m[D][0m Cache miss for scala instance org.scala-lang:scala-compiler:2.12.14.
[0m[32m[D][0m   => C:\Users\kmarrero\.sbt\boot\scala-2.12.14\lib\jansi.jar
[0m[32m[D][0m   => C:\Users\kmarrero\.sbt\boot\scala-2.12.14\lib\jline.jar
[0m[32m[D][0m   => C:\Users\kmarrero\.sbt\boot\scala-2.12.14\lib\scala-compiler.jar
[0m[32m[D][0m   => C:\Users\kmarrero\.sbt\boot\scala-2.12.14\lib\scala-library.jar
[0m[32m[D][0m   => C:\Users\kmarrero\.sbt\boot\scala-2.12.14\lib\scala-reflect.jar
[0m[32m[D][0m   => C:\Users\kmarrero\.sbt\boot\scala-2.12.14\lib\scala-xml_2.12.jar
[0m[32m[D][0m Cache miss for scala instance org.scala-lang:scala-compiler:3.1.0.
[0m[32m[D][0m   => C:\Users\kmarrero\AppData\Local\Coursier\Cache\v1\https\repo1.maven.org\maven2\com\fasterxml\jackson\core\jackson-annotations\2.2.3\jackson-annotations-2.2.3.jar
[0m[32m[D][0m   => C:\Users\kmarrero\AppData\Local\Coursier\Cache\v1\https\repo1.maven.org\maven2\com\fasterxml\jackson\core\jackson-core\2.9.8\jackson-core-2.9.8.jar
[0m[32m[D][0m   => C:\Users\kmarrero\AppData\Local\Coursier\Cache\v1\https\repo1.maven.org\maven2\com\fasterxml\jackson\core\jackson-databind\2.2.3\jackson-databind-2.2.3.jar
[0m[32m[D][0m   => C:\Users\kmarrero\AppData\Local\Coursier\Cache\v1\https\repo1.maven.org\maven2\com\fasterxml\jackson\dataformat\jackson-dataformat-yaml\2.9.8\jackson-dataformat-yaml-2.9.8.jar
[0m[32m[D][0m   => C:\Users\kmarrero\AppData\Local\Coursier\Cache\v1\https\repo1.maven.org\maven2\com\google\protobuf\protobuf-java\3.7.0\protobuf-java-3.7.0.jar
[0m[32m[D][0m   => C:\Users\kmarrero\AppData\Local\Coursier\Cache\v1\https\repo1.maven.org\maven2\com\vladsch\flexmark\flexmark-ext-anchorlink\0.42.12\flexmark-ext-anchorlink-0.42.12.jar
[0m[32m[D][0m   => C:\Users\kmarrero\AppData\Local\Coursier\Cache\v1\https\repo1.maven.org\maven2\com\vladsch\flexmark\flexmark-ext-autolink\0.42.12\flexmark-ext-autolink-0.42.12.jar
[0m[32m[D][0m   => C:\Users\kmarrero\AppData\Local\Coursier\Cache\v1\https\repo1.maven.org\maven2\com\vladsch\flexmark\flexmark-ext-emoji\0.42.12\flexmark-ext-emoji-0.42.12.jar
[0m[32m[D][0m   => C:\Users\kmarrero\AppData\Local\Coursier\Cache\v1\https\repo1.maven.org\maven2\com\vladsch\flexmark\flexmark-ext-gfm-strikethrough\0.42.12\flexmark-ext-gfm-strikethrough-0.42.12.jar
[0m[32m[D][0m   => C:\Users\kmarrero\AppData\Local\Coursier\Cache\v1\https\repo1.maven.org\maven2\com\vladsch\flexmark\flexmark-ext-gfm-tables\0.42.12\flexmark-ext-gfm-tables-0.42.12.jar
[0m[32m[D][0m   => C:\Users\kmarrero\AppData\Local\Coursier\Cache\v1\https\repo1.maven.org\maven2\com\vladsch\flexmark\flexmark-ext-gfm-tasklist\0.42.12\flexmark-ext-gfm-tasklist-0.42.12.jar
[0m[32m[D][0m   => C:\Users\kmarrero\AppData\Local\Coursier\Cache\v1\https\repo1.maven.org\maven2\com\vladsch\flexmark\flexmark-ext-ins\0.42.12\flexmark-ext-ins-0.42.12.jar
[0m[32m[D][0m   => C:\Users\kmarrero\AppData\Local\Coursier\Cache\v1\https\repo1.maven.org\maven2\com\vladsch\flexmark\flexmark-ext-superscript\0.42.12\flexmark-ext-superscript-0.42.12.jar
[0m[32m[D][0m   => C:\Users\kmarrero\AppData\Local\Coursier\Cache\v1\https\repo1.maven.org\maven2\com\vladsch\flexmark\flexmark-ext-tables\0.42.12\flexmark-ext-tables-0.42.12.jar
[0m[32m[D][0m   => C:\Users\kmarrero\AppData\Local\Coursier\Cache\v1\https\repo1.maven.org\maven2\com\vladsch\flexmark\flexmark-ext-wikilink\0.42.12\flexmark-ext-wikilink-0.42.12.jar
[0m[32m[D][0m   => C:\Users\kmarrero\AppData\Local\Coursier\Cache\v1\https\repo1.maven.org\maven2\com\vladsch\flexmark\flexmark-ext-yaml-front-matter\0.42.12\flexmark-ext-yaml-front-matter-0.42.12.jar
[0m[32m[D][0m   => C:\Users\kmarrero\AppData\Local\Coursier\Cache\v1\https\repo1.maven.org\maven2\com\vladsch\flexmark\flexmark-formatter\0.42.12\flexmark-formatter-0.42.12.jar
[0m[32m[D][0m   => C:\Users\kmarrero\AppData\Local\Coursier\Cache\v1\https\repo1.maven.org\maven2\com\vladsch\flexmark\flexmark-html-parser\0.42.12\flexmark-html-parser-0.42.12.jar
[0m[32m[D][0m   => C:\Users\kmarrero\AppData\Local\Coursier\Cache\v1\https\repo1.maven.org\maven2\com\vladsch\flexmark\flexmark-jira-converter\0.42.12\flexmark-jira-converter-0.42.12.jar
[0m[32m[D][0m   => C:\Users\kmarrero\AppData\Local\Coursier\Cache\v1\https\repo1.maven.org\maven2\com\vladsch\flexmark\flexmark-util\0.42.12\flexmark-util-0.42.12.jar
[0m[32m[D][0m   => C:\Users\kmarrero\AppData\Local\Coursier\Cache\v1\https\repo1.maven.org\maven2\com\vladsch\flexmark\flexmark\0.42.12\flexmark-0.42.12.jar
[0m[32m[D][0m   => C:\Users\kmarrero\AppData\Local\Coursier\Cache\v1\https\repo1.maven.org\maven2\net\java\dev\jna\jna\5.3.1\jna-5.3.1.jar
[0m[32m[D][0m   => C:\Users\kmarrero\AppData\Local\Coursier\Cache\v1\https\repo1.maven.org\maven2\nl\big-o\liqp\0.6.7\liqp-0.6.7.jar
[0m[32m[D][0m   => C:\Users\kmarrero\AppData\Local\Coursier\Cache\v1\https\repo1.maven.org\maven2\org\antlr\ST4\4.0.7\ST4-4.0.7.jar
[0m[32m[D][0m   => C:\Users\kmarrero\AppData\Local\Coursier\Cache\v1\https\repo1.maven.org\maven2\org\antlr\antlr-runtime\3.5.1\antlr-runtime-3.5.1.jar
[0m[32m[D][0m   => C:\Users\kmarrero\AppData\Local\Coursier\Cache\v1\https\repo1.maven.org\maven2\org\antlr\antlr\3.5.1\antlr-3.5.1.jar
[0m[32m[D][0m   => C:\Users\kmarrero\AppData\Local\Coursier\Cache\v1\https\repo1.maven.org\maven2\org\jline\jline-reader\3.19.0\jline-reader-3.19.0.jar
[0m[32m[D][0m   => C:\Users\kmarrero\AppData\Local\Coursier\Cache\v1\https\repo1.maven.org\maven2\org\jline\jline-terminal-jna\3.19.0\jline-terminal-jna-3.19.0.jar
[0m[32m[D][0m   => C:\Users\kmarrero\AppData\Local\Coursier\Cache\v1\https\repo1.maven.org\maven2\org\jline\jline-terminal\3.19.0\jline-terminal-3.19.0.jar
[0m[32m[D][0m   => C:\Users\kmarrero\AppData\Local\Coursier\Cache\v1\https\repo1.maven.org\maven2\org\jsoup\jsoup\1.13.1\jsoup-1.13.1.jar
[0m[32m[D][0m   => C:\Users\kmarrero\AppData\Local\Coursier\Cache\v1\https\repo1.maven.org\maven2\org\nibor\autolink\autolink\0.6.0\autolink-0.6.0.jar
[0m[32m[D][0m   => C:\Users\kmarrero\AppData\Local\Coursier\Cache\v1\https\repo1.maven.org\maven2\org\scala-lang\modules\scala-asm\9.1.0-scala-1\scala-asm-9.1.0-scala-1.jar
[0m[32m[D][0m   => C:\Users\kmarrero\AppData\Local\Coursier\Cache\v1\https\repo1.maven.org\maven2\org\scala-lang\scala-library\2.13.6\scala-library-2.13.6.jar
[0m[32m[D][0m   => C:\Users\kmarrero\AppData\Local\Coursier\Cache\v1\https\repo1.maven.org\maven2\org\scala-lang\scala3-compiler_3\3.1.0\scala3-compiler_3-3.1.0.jar
[0m[32m[D][0m   => C:\Users\kmarrero\AppData\Local\Coursier\Cache\v1\https\repo1.maven.org\maven2\org\scala-lang\scala3-interfaces\3.1.0\scala3-interfaces-3.1.0.jar
[0m[32m[D][0m   => C:\Users\kmarrero\AppData\Local\Coursier\Cache\v1\https\repo1.maven.org\maven2\org\scala-lang\scala3-library_3\3.1.0\scala3-library_3-3.1.0.jar
[0m[32m[D][0m   => C:\Users\kmarrero\AppData\Local\Coursier\Cache\v1\https\repo1.maven.org\maven2\org\scala-lang\scala3-tasty-inspector_3\3.1.0\scala3-tasty-inspector_3-3.1.0.jar
[0m[32m[D][0m   => C:\Users\kmarrero\AppData\Local\Coursier\Cache\v1\https\repo1.maven.org\maven2\org\scala-lang\scaladoc_3\3.1.0\scaladoc_3-3.1.0.jar
[0m[32m[D][0m   => C:\Users\kmarrero\AppData\Local\Coursier\Cache\v1\https\repo1.maven.org\maven2\org\scala-lang\tasty-core_3\3.1.0\tasty-core_3-3.1.0.jar
[0m[32m[D][0m   => C:\Users\kmarrero\AppData\Local\Coursier\Cache\v1\https\repo1.maven.org\maven2\org\scala-sbt\compiler-interface\1.3.5\compiler-interface-1.3.5.jar
[0m[32m[D][0m   => C:\Users\kmarrero\AppData\Local\Coursier\Cache\v1\https\repo1.maven.org\maven2\org\scala-sbt\util-interface\1.3.0\util-interface-1.3.0.jar
[0m[32m[D][0m   => C:\Users\kmarrero\AppData\Local\Coursier\Cache\v1\https\repo1.maven.org\maven2\org\yaml\snakeyaml\1.23\snakeyaml-1.23.jar
[0m[32m[D][0m Missing analysis file for project 'client'
[0m[32m[D][0m Missing analysis file for project 'server'
[0m[32m[D][0m Missing analysis file for project 'server-test'
[0m[32m[D][0m Missing analysis file for project 'client-test'
[0m[32m[D][0m Missing analysis file for project 'root'
[0m[32m[D][0m Missing analysis file for project 'root-test'
[0m[32m[D][0m Waiting for a connection at 127.0.0.1:18550...
The server is listening for incoming connections at tcp://127.0.0.1:18550...
Starting thread that pumps stdin and redirects it to the bsp server...
Starting thread that pumps server stdout and redirects it to the client stdout...
[0m2021.12.23 00:05:03 INFO  tracing is disabled for protocol BSP, to enable tracing of incoming and outgoing JSON messages create an empty file at C:\Users\kmarrero\AppData\Local\scalameta\metals\cache\bsp.trace.json[0m
[0m2021.12.23 00:05:07 INFO  Attempting to connect to the build server...[0m
Starting the bsp launcher for bloop...
[0m2021.12.23 00:05:07 INFO  Opening a bsp server connection with 'bsp --protocol tcp --port 33433'...Attempting to connect to the build server...
[0m
Waiting for the bsp connection to come up...
Starting the bsp launcher for bloop...
Opening a bsp server connection with 'bsp --protocol tcp --port 36170'...
Waiting for the bsp connection to come up...
[0m[32m[D][0m Loading workspace settings from bloop.settings.json
[0m[32m[D][0m Waiting for a connection at 127.0.0.1:33433...
The server is listening for incoming connections at tcp://127.0.0.1:33433...
[0m[32m[D][0m Loading workspace settings from bloop.settings.json
[0m[32m[D][0m Waiting for a connection at 127.0.0.1:36170...
The server is listening for incoming connections at tcp://127.0.0.1:36170...
Starting thread that pumps stdin and redirects it to the bsp server...
Starting thread that pumps stdin and redirects it to the bsp server...
Starting thread that pumps server stdout and redirects it to the client stdout...
Starting thread that pumps server stdout and redirects it to the client stdout...
[0m2021.12.23 00:05:08 INFO  tracing is disabled for protocol BSP, to enable tracing of incoming and outgoing JSON messages create an empty file at C:\Users\kmarrero\AppData\Local\scalameta\metals\cache\bsp.trace.json[0m
[0m2021.12.23 00:05:08 INFO  tracing is disabled for protocol BSP, to enable tracing of incoming and outgoing JSON messages create an empty file at C:\Users\kmarrero\AppData\Local\scalameta\metals\cache\bsp.trace.json[0m
[0m2021.12.23 00:05:08 INFO  time: Connected to build server in 4.66s[0m
[0m2021.12.23 00:05:08 INFO  Connected to Build server: Bloop v1.4.11[0m
[0m2021.12.23 00:05:11 INFO  time: indexed workspace in 3.02s[0m
[0m2021.12.23 00:05:11 INFO  compiling server (1 scala source)[0m
[0m2021.12.23 00:05:12 INFO  no build target: using presentation compiler with only scala-library: 3.1.0[0m
[0m2021.12.23 00:05:14 INFO  time: compiled server in 2.69s[0m
[0m2021.12.23 00:07:50 INFO  running 'C:\Program Files\Java\jdk-11.0.12\bin\java -Djline.terminal=jline.UnsupportedTerminal -Dsbt.log.noformat=true -Dfile.encoding=UTF-8 -jar C:\Users\kmarrero\AppData\Local\Temp\metals9486917887770570744\sbt-launch.jar -Dbloop.export-jar-classifiers=sources bloopInstall'[0m
[0m2021.12.23 00:07:51 INFO  [info] welcome to sbt 1.5.5 (Oracle Corporation Java 11.0.12)[0m
[0m2021.12.23 00:07:51 INFO  [info] loading global plugins from C:\Users\kmarrero\.sbt\1.0\plugins[0m
[0m2021.12.23 00:07:53 INFO  [info] loading settings for project stevedore-build-build-build from metals.sbt ...[0m
[0m2021.12.23 00:07:53 INFO  [info] loading project definition from J:\scala\scala-study\stevedore\project\project\project[0m
[0m2021.12.23 00:07:53 INFO  [info] loading settings for project stevedore-build-build from metals.sbt ...[0m
[0m2021.12.23 00:07:53 INFO  [info] loading project definition from J:\scala\scala-study\stevedore\project\project[0m
[0m2021.12.23 00:07:55 INFO  [success] Generated .bloop\stevedore-build-build.json[0m
[0m2021.12.23 00:07:55 INFO  [success] Total time: 2 s, completed Dec 23, 2021, 12:07:55 AM[0m
[0m2021.12.23 00:07:55 INFO  [info] loading settings for project stevedore-build from metals.sbt,plugins.sbt ...[0m
[0m2021.12.23 00:07:55 INFO  [info] loading project definition from J:\scala\scala-study\stevedore\project[0m
[0m2021.12.23 00:07:55 INFO  [success] Generated .bloop\stevedore-build.json[0m
[0m2021.12.23 00:07:55 INFO  [success] Total time: 1 s, completed Dec 23, 2021, 12:07:56 AM[0m
[0m2021.12.23 00:07:57 INFO  [info] loading settings for project root from build.sbt ...[0m
[0m2021.12.23 00:07:57 INFO  [info] set current project to root (in build file:/J:/scala/scala-study/stevedore/)[0m
[0m2021.12.23 00:07:57 INFO  [success] Generated .bloop\root-test.json[0m
[0m2021.12.23 00:07:57 INFO  [success] Generated .bloop\root.json[0m
[0m2021.12.23 00:08:00 INFO  [success] Generated .bloop\server.json[0m
[0m2021.12.23 00:08:00 INFO  [success] Generated .bloop\server-test.json[0m
[0m2021.12.23 00:08:00 INFO  [success] Generated .bloop\client.json[0m
[0m2021.12.23 00:08:00 INFO  [success] Generated .bloop\client-test.json[0m
[0m2021.12.23 00:08:00 INFO  [success] Total time: 2 s, completed Dec 23, 2021, 12:08:00 AM[0m
[0m2021.12.23 00:08:00 INFO  time: ran 'sbt bloopInstall' in 10s[0m
[0m2021.12.23 00:08:00 INFO  Disconnecting from Bloop session...[0m
[0m2021.12.23 00:08:00 INFO  Shut down connection with build server.[0m
[0m2021.12.23 00:08:00 INFO  Shut down connection with build server.[0m
[0m2021.12.23 00:08:00 INFO  Shut down connection with build server.[0m
No more data in the client stdin, exiting...
No more data in the server stdin, exiting...
No more data in the server stdin, exiting...
No more data in the server stdin, exiting...
No more data in the client stdin, exiting...
No more data in the server stdin, exiting...
No more data in the client stdin, exiting...
[0m2021.12.23 00:08:00 INFO  Attempting to connect to the build server...[0m
Starting the bsp launcher for bloop...
Opening a bsp server connection with 'bsp --protocol tcp --port 38882'...
Waiting for the bsp connection to come up...
[0m[32m[D][0m Loading workspace settings from bloop.settings.json
[0m[32m[D][0m Loading 2 projects from 'j:\scala\scala-study\stevedore\.bloop'...
[0m[32m[D][0m Loading project from 'j:\scala\scala-study\stevedore\.bloop\server-test.json'
[0m[32m[D][0m Loading project from 'j:\scala\scala-study\stevedore\.bloop\client-test.json'
[0m[32m[D][0m Waiting for a connection at 127.0.0.1:38882...
The server is listening for incoming connections at tcp://127.0.0.1:38882...
Starting thread that pumps stdin and redirects it to the bsp server...
Starting thread that pumps server stdout and redirects it to the client stdout...
[0m2021.12.23 00:08:00 INFO  tracing is disabled for protocol BSP, to enable tracing of incoming and outgoing JSON messages create an empty file at C:\Users\kmarrero\AppData\Local\scalameta\metals\cache\bsp.trace.json[0m
[0m2021.12.23 00:08:00 INFO  Attempting to connect to the build server...[0m
Starting the bsp launcher for bloop...
Opening a bsp server connection with 'bsp --protocol tcp --port 36022'...[0m
2021.12.23 00:08:00 INFO  Attempting to connect to the build server...[0m
Waiting for the bsp connection to come up...
Starting the bsp launcher for bloop...
Opening a bsp server connection with 'bsp --protocol tcp --port 22677'...
Waiting for the bsp connection to come up...
[0m[32m[D][0m Loading workspace settings from bloop.settings.json
[0m[32m[D][0m Waiting for a connection at 127.0.0.1:36022...
The server is listening for incoming connections at tcp://127.0.0.1:36022...
Starting thread that pumps stdin and redirects it to the bsp server...
Starting thread that pumps server stdout and redirects it to the client stdout...
[0m[32m[D][0m Loading workspace settings from bloop.settings.json
[0m[32m[D][0m Waiting for a connection at 127.0.0.1:22677...
The server is listening for incoming connections at tcp://127.0.0.1:22677...
Starting thread that pumps stdin and redirects it to the bsp server...
Starting thread that pumps server stdout and redirects it to the client stdout...
[0m2021.12.23 00:08:01 INFO  tracing is disabled for protocol BSP, to enable tracing of incoming and outgoing JSON messages create an empty file at C:\Users\kmarrero\AppData\Local\scalameta\metals\cache\bsp.trace.json[0m
[0m2021.12.23 00:08:01 INFO  tracing is disabled for protocol BSP, to enable tracing of incoming and outgoing JSON messages create an empty file at C:\Users\kmarrero\AppData\Local\scalameta\metals\cache\bsp.trace.json[0m
[0m2021.12.23 00:08:01 INFO  time: Connected to build server in 1.47s[0m
[0m2021.12.23 00:08:01 INFO  Connected to Build server: Bloop v1.4.11[0m
[0m2021.12.23 00:08:03 INFO  time: indexed workspace in 1.38s[0m
[0m2021.12.23 00:08:04 INFO  no build target: using presentation compiler with only scala-library: 3.1.0[0m
[0m2021.12.23 00:42:05 INFO  shutting down Metals[0m
[0m2021.12.23 00:42:05 INFO  Shut down connection with build server.[0m
[0m2021.12.23 00:42:05 INFO  Shut down connection with build server.[0m
[0m2021.12.23 00:42:05 INFO  Shut down connection with build server.[0m
No more data in the client stdin, exiting...
No more data in the client stdin, exiting...
No more data in the client stdin, exiting...
No more data in the server stdin, exiting...
No more data in the server stdin, exiting...
No more data in the server stdin, exiting...
[0m2021.12.23 22:51:17 INFO  Started: Metals version 0.10.9 in workspace 'J:\scala\scala-study\stevedore' for client Visual Studio Code 1.63.2.[0m
[0m2021.12.23 22:51:18 INFO  time: initialize in 1.04s[0m
[0m2021.12.23 22:51:18 INFO  Attempting to connect to the build server...[0m
[0m2021.12.23 22:51:18 INFO  skipping build import with status 'Installed'[0m
Starting the bsp launcher for bloop...
Opening a bsp server connection with 'bsp --protocol tcp --port 20910'...
Waiting for the bsp connection to come up...
[0m[32m[D][0m Loading workspace settings from bloop.settings.json
[0m[32m[D][0m Loading 6 projects from 'j:\scala\scala-study\stevedore\.bloop'...
[0m[32m[D][0m Loading project from 'j:\scala\scala-study\stevedore\.bloop\root-test.json'
[0m[32m[D][0m Loading project from 'j:\scala\scala-study\stevedore\.bloop\client-test.json'
[0m[32m[D][0m Loading project from 'j:\scala\scala-study\stevedore\.bloop\server-test.json'
[0m[32m[D][0m Loading project from 'j:\scala\scala-study\stevedore\.bloop\client.json'
[0m[32m[D][0m Loading project from 'j:\scala\scala-study\stevedore\.bloop\root.json'
[0m[32m[D][0m Loading project from 'j:\scala\scala-study\stevedore\.bloop\server.json'
[0m[32m[D][0m Cache miss for scala instance org.scala-lang:scala-compiler:2.12.14.
[0m[32m[D][0m   => C:\Users\kmarrero\.sbt\boot\scala-2.12.14\lib\jansi.jar
[0m[32m[D][0m   => C:\Users\kmarrero\.sbt\boot\scala-2.12.14\lib\jline.jar
[0m[32m[D][0m   => C:\Users\kmarrero\.sbt\boot\scala-2.12.14\lib\scala-compiler.jar
[0m[32m[D][0m   => C:\Users\kmarrero\.sbt\boot\scala-2.12.14\lib\scala-library.jar
[0m[32m[D][0m   => C:\Users\kmarrero\.sbt\boot\scala-2.12.14\lib\scala-reflect.jar
[0m[32m[D][0m   => C:\Users\kmarrero\.sbt\boot\scala-2.12.14\lib\scala-xml_2.12.jar
[0m[32m[D][0m Cache miss for scala instance org.scala-lang:scala-compiler:3.1.0.
[0m[32m[D][0m   => C:\Users\kmarrero\AppData\Local\Coursier\Cache\v1\https\repo1.maven.org\maven2\com\fasterxml\jackson\core\jackson-annotations\2.2.3\jackson-annotations-2.2.3.jar
[0m[32m[D][0m   => C:\Users\kmarrero\AppData\Local\Coursier\Cache\v1\https\repo1.maven.org\maven2\com\fasterxml\jackson\core\jackson-core\2.9.8\jackson-core-2.9.8.jar
[0m[32m[D][0m   => C:\Users\kmarrero\AppData\Local\Coursier\Cache\v1\https\repo1.maven.org\maven2\com\fasterxml\jackson\core\jackson-databind\2.2.3\jackson-databind-2.2.3.jar
[0m[32m[D][0m   => C:\Users\kmarrero\AppData\Local\Coursier\Cache\v1\https\repo1.maven.org\maven2\com\fasterxml\jackson\dataformat\jackson-dataformat-yaml\2.9.8\jackson-dataformat-yaml-2.9.8.jar
[0m[32m[D][0m   => C:\Users\kmarrero\AppData\Local\Coursier\Cache\v1\https\repo1.maven.org\maven2\com\google\protobuf\protobuf-java\3.7.0\protobuf-java-3.7.0.jar
[0m[32m[D][0m   => C:\Users\kmarrero\AppData\Local\Coursier\Cache\v1\https\repo1.maven.org\maven2\com\vladsch\flexmark\flexmark-ext-anchorlink\0.42.12\flexmark-ext-anchorlink-0.42.12.jar
[0m[32m[D][0m   => C:\Users\kmarrero\AppData\Local\Coursier\Cache\v1\https\repo1.maven.org\maven2\com\vladsch\flexmark\flexmark-ext-autolink\0.42.12\flexmark-ext-autolink-0.42.12.jar
[0m[32m[D][0m   => C:\Users\kmarrero\AppData\Local\Coursier\Cache\v1\https\repo1.maven.org\maven2\com\vladsch\flexmark\flexmark-ext-emoji\0.42.12\flexmark-ext-emoji-0.42.12.jar
[0m[32m[D][0m   => C:\Users\kmarrero\AppData\Local\Coursier\Cache\v1\https\repo1.maven.org\maven2\com\vladsch\flexmark\flexmark-ext-gfm-strikethrough\0.42.12\flexmark-ext-gfm-strikethrough-0.42.12.jar
[0m[32m[D][0m   => C:\Users\kmarrero\AppData\Local\Coursier\Cache\v1\https\repo1.maven.org\maven2\com\vladsch\flexmark\flexmark-ext-gfm-tables\0.42.12\flexmark-ext-gfm-tables-0.42.12.jar
[0m[32m[D][0m   => C:\Users\kmarrero\AppData\Local\Coursier\Cache\v1\https\repo1.maven.org\maven2\com\vladsch\flexmark\flexmark-ext-gfm-tasklist\0.42.12\flexmark-ext-gfm-tasklist-0.42.12.jar
[0m[32m[D][0m   => C:\Users\kmarrero\AppData\Local\Coursier\Cache\v1\https\repo1.maven.org\maven2\com\vladsch\flexmark\flexmark-ext-ins\0.42.12\flexmark-ext-ins-0.42.12.jar
[0m[32m[D][0m   => C:\Users\kmarrero\AppData\Local\Coursier\Cache\v1\https\repo1.maven.org\maven2\com\vladsch\flexmark\flexmark-ext-superscript\0.42.12\flexmark-ext-superscript-0.42.12.jar
[0m[32m[D][0m   => C:\Users\kmarrero\AppData\Local\Coursier\Cache\v1\https\repo1.maven.org\maven2\com\vladsch\flexmark\flexmark-ext-tables\0.42.12\flexmark-ext-tables-0.42.12.jar
[0m[32m[D][0m   => C:\Users\kmarrero\AppData\Local\Coursier\Cache\v1\https\repo1.maven.org\maven2\com\vladsch\flexmark\flexmark-ext-wikilink\0.42.12\flexmark-ext-wikilink-0.42.12.jar
[0m[32m[D][0m   => C:\Users\kmarrero\AppData\Local\Coursier\Cache\v1\https\repo1.maven.org\maven2\com\vladsch\flexmark\flexmark-ext-yaml-front-matter\0.42.12\flexmark-ext-yaml-front-matter-0.42.12.jar
[0m[32m[D][0m   => C:\Users\kmarrero\AppData\Local\Coursier\Cache\v1\https\repo1.maven.org\maven2\com\vladsch\flexmark\flexmark-formatter\0.42.12\flexmark-formatter-0.42.12.jar
[0m[32m[D][0m   => C:\Users\kmarrero\AppData\Local\Coursier\Cache\v1\https\repo1.maven.org\maven2\com\vladsch\flexmark\flexmark-html-parser\0.42.12\flexmark-html-parser-0.42.12.jar
[0m[32m[D][0m   => C:\Users\kmarrero\AppData\Local\Coursier\Cache\v1\https\repo1.maven.org\maven2\com\vladsch\flexmark\flexmark-jira-converter\0.42.12\flexmark-jira-converter-0.42.12.jar
[0m[32m[D][0m   => C:\Users\kmarrero\AppData\Local\Coursier\Cache\v1\https\repo1.maven.org\maven2\com\vladsch\flexmark\flexmark-util\0.42.12\flexmark-util-0.42.12.jar
[0m[32m[D][0m   => C:\Users\kmarrero\AppData\Local\Coursier\Cache\v1\https\repo1.maven.org\maven2\com\vladsch\flexmark\flexmark\0.42.12\flexmark-0.42.12.jar
[0m[32m[D][0m   => C:\Users\kmarrero\AppData\Local\Coursier\Cache\v1\https\repo1.maven.org\maven2\net\java\dev\jna\jna\5.3.1\jna-5.3.1.jar
[0m[32m[D][0m   => C:\Users\kmarrero\AppData\Local\Coursier\Cache\v1\https\repo1.maven.org\maven2\nl\big-o\liqp\0.6.7\liqp-0.6.7.jar
[0m[32m[D][0m   => C:\Users\kmarrero\AppData\Local\Coursier\Cache\v1\https\repo1.maven.org\maven2\org\antlr\ST4\4.0.7\ST4-4.0.7.jar
[0m[32m[D][0m   => C:\Users\kmarrero\AppData\Local\Coursier\Cache\v1\https\repo1.maven.org\maven2\org\antlr\antlr-runtime\3.5.1\antlr-runtime-3.5.1.jar
[0m[32m[D][0m   => C:\Users\kmarrero\AppData\Local\Coursier\Cache\v1\https\repo1.maven.org\maven2\org\antlr\antlr\3.5.1\antlr-3.5.1.jar
[0m[32m[D][0m   => C:\Users\kmarrero\AppData\Local\Coursier\Cache\v1\https\repo1.maven.org\maven2\org\jline\jline-reader\3.19.0\jline-reader-3.19.0.jar
[0m[32m[D][0m   => C:\Users\kmarrero\AppData\Local\Coursier\Cache\v1\https\repo1.maven.org\maven2\org\jline\jline-terminal-jna\3.19.0\jline-terminal-jna-3.19.0.jar
[0m[32m[D][0m   => C:\Users\kmarrero\AppData\Local\Coursier\Cache\v1\https\repo1.maven.org\maven2\org\jline\jline-terminal\3.19.0\jline-terminal-3.19.0.jar
[0m[32m[D][0m   => C:\Users\kmarrero\AppData\Local\Coursier\Cache\v1\https\repo1.maven.org\maven2\org\jsoup\jsoup\1.13.1\jsoup-1.13.1.jar
[0m[32m[D][0m   => C:\Users\kmarrero\AppData\Local\Coursier\Cache\v1\https\repo1.maven.org\maven2\org\nibor\autolink\autolink\0.6.0\autolink-0.6.0.jar
[0m[32m[D][0m   => C:\Users\kmarrero\AppData\Local\Coursier\Cache\v1\https\repo1.maven.org\maven2\org\scala-lang\modules\scala-asm\9.1.0-scala-1\scala-asm-9.1.0-scala-1.jar
[0m[32m[D][0m   => C:\Users\kmarrero\AppData\Local\Coursier\Cache\v1\https\repo1.maven.org\maven2\org\scala-lang\scala-library\2.13.6\scala-library-2.13.6.jar
[0m[32m[D][0m   => C:\Users\kmarrero\AppData\Local\Coursier\Cache\v1\https\repo1.maven.org\maven2\org\scala-lang\scala3-compiler_3\3.1.0\scala3-compiler_3-3.1.0.jar
[0m[32m[D][0m   => C:\Users\kmarrero\AppData\Local\Coursier\Cache\v1\https\repo1.maven.org\maven2\org\scala-lang\scala3-interfaces\3.1.0\scala3-interfaces-3.1.0.jar
[0m[32m[D][0m   => C:\Users\kmarrero\AppData\Local\Coursier\Cache\v1\https\repo1.maven.org\maven2\org\scala-lang\scala3-library_3\3.1.0\scala3-library_3-3.1.0.jar
[0m[32m[D][0m   => C:\Users\kmarrero\AppData\Local\Coursier\Cache\v1\https\repo1.maven.org\maven2\org\scala-lang\scala3-tasty-inspector_3\3.1.0\scala3-tasty-inspector_3-3.1.0.jar
[0m[32m[D][0m   => C:\Users\kmarrero\AppData\Local\Coursier\Cache\v1\https\repo1.maven.org\maven2\org\scala-lang\scaladoc_3\3.1.0\scaladoc_3-3.1.0.jar
[0m[32m[D][0m   => C:\Users\kmarrero\AppData\Local\Coursier\Cache\v1\https\repo1.maven.org\maven2\org\scala-lang\tasty-core_3\3.1.0\tasty-core_3-3.1.0.jar
[0m[32m[D][0m   => C:\Users\kmarrero\AppData\Local\Coursier\Cache\v1\https\repo1.maven.org\maven2\org\scala-sbt\compiler-interface\1.3.5\compiler-interface-1.3.5.jar
[0m[32m[D][0m   => C:\Users\kmarrero\AppData\Local\Coursier\Cache\v1\https\repo1.maven.org\maven2\org\scala-sbt\util-interface\1.3.0\util-interface-1.3.0.jar
[0m[32m[D][0m   => C:\Users\kmarrero\AppData\Local\Coursier\Cache\v1\https\repo1.maven.org\maven2\org\yaml\snakeyaml\1.23\snakeyaml-1.23.jar
[0m[32m[D][0m Configured Scala SemanticDB in projects 'root-test', 'root'
[0m[32m[D][0m Missing analysis file for project 'client-test'
[0m[32m[D][0m Missing analysis file for project 'server-test'
[0m[32m[D][0m Missing analysis file for project 'client'
[0m[32m[D][0m Missing analysis file for project 'root-test'
[0m[32m[D][0m Missing analysis file for project 'root'
[0m[32m[D][0m Loading previous analysis for 'server' from 'J:\scala\scala-study\stevedore\server\target\streams\compile\bloopAnalysisOut\_global\streams\inc_compile_3.zip'.
[0m[32m[D][0m Waiting for a connection at 127.0.0.1:20910...
The server is listening for incoming connections at tcp://127.0.0.1:20910...
Starting thread that pumps stdin and redirects it to the bsp server...
Starting thread that pumps server stdout and redirects it to the client stdout...
[0m2021.12.23 22:51:19 INFO  tracing is disabled for protocol BSP, to enable tracing of incoming and outgoing JSON messages create an empty file at C:\Users\kmarrero\AppData\Local\scalameta\metals\cache\bsp.trace.json[0m
[0m2021.12.23 22:51:19 INFO  Attempting to connect to the build server...[0m
Starting the bsp launcher for bloop...
[0m2021.12.23 22:51:19 INFO  Attempting to connect to the build server...Opening a bsp server connection with 'bsp --protocol tcp --port 29829'...[0m

Waiting for the bsp connection to come up...
Starting the bsp launcher for bloop...
Opening a bsp server connection with 'bsp --protocol tcp --port 34477'...
Waiting for the bsp connection to come up...
[0m[32m[D][0m Loading workspace settings from bloop.settings.json
[0m[32m[D][0m Waiting for a connection at 127.0.0.1:29829...
The server is listening for incoming connections at tcp://127.0.0.1:29829...
[0m[32m[D][0m Loading workspace settings from bloop.settings.json
[0m[32m[D][0m Waiting for a connection at 127.0.0.1:34477...
The server is listening for incoming connections at tcp://127.0.0.1:34477...
Starting thread that pumps stdin and redirects it to the bsp server...
Starting thread that pumps stdin and redirects it to the bsp server...
Starting thread that pumps server stdout and redirects it to the client stdout...
Starting thread that pumps server stdout and redirects it to the client stdout...
[0m2021.12.23 22:51:20 INFO  tracing is disabled for protocol BSP, to enable tracing of incoming and outgoing JSON messages create an empty file at C:\Users\kmarrero\AppData\Local\scalameta\metals\cache\bsp.trace.json[0m
[0m2021.12.23 22:51:20 INFO  tracing is disabled for protocol BSP, to enable tracing of incoming and outgoing JSON messages create an empty file at C:\Users\kmarrero\AppData\Local\scalameta\metals\cache\bsp.trace.json[0m
[0m2021.12.23 22:51:20 INFO  time: Connected to build server in 2.14s[0m
[0m2021.12.23 22:51:20 INFO  Connected to Build server: Bloop v1.4.11[0m
[0m2021.12.23 22:51:23 INFO  time: indexed workspace in 2.14s[0m
[0m2021.12.23 22:51:24 INFO  no build target: using presentation compiler with only scala-library: 3.1.0[0m
[0m2021.12.23 23:05:43 INFO  compiling server (1 scala source)[0m
[0m2021.12.23 23:05:45 INFO  time: compiled server in 1.27s[0m
[0m2021.12.23 23:07:49 INFO  compiling server (1 scala source)[0m
[0m2021.12.23 23:07:49 INFO  time: compiled server in 0.97s[0m
[0m2021.12.23 23:07:53 INFO  compiling server (1 scala source)[0m
[0m2021.12.23 23:07:53 INFO  time: compiled server in 0.36s[0m
Dec 23, 2021 11:08:05 PM org.eclipse.lsp4j.jsonrpc.RemoteEndpoint fallbackResponseError
SEVERE: Internal error: java.lang.reflect.InvocationTargetException
java.lang.RuntimeException: java.lang.reflect.InvocationTargetException
	at org.eclipse.lsp4j.jsonrpc.services.GenericEndpoint.lambda$null$0(GenericEndpoint.java:67)
	at org.eclipse.lsp4j.jsonrpc.services.GenericEndpoint.request(GenericEndpoint.java:120)
	at org.eclipse.lsp4j.jsonrpc.RemoteEndpoint.handleRequest(RemoteEndpoint.java:261)
	at org.eclipse.lsp4j.jsonrpc.RemoteEndpoint.consume(RemoteEndpoint.java:190)
	at org.eclipse.lsp4j.jsonrpc.json.StreamMessageProducer.handleMessage(StreamMessageProducer.java:194)
	at org.eclipse.lsp4j.jsonrpc.json.StreamMessageProducer.listen(StreamMessageProducer.java:94)
	at org.eclipse.lsp4j.jsonrpc.json.ConcurrentMessageProcessor.run(ConcurrentMessageProcessor.java:113)
	at java.base/java.util.concurrent.Executors$RunnableAdapter.call(Executors.java:515)
	at java.base/java.util.concurrent.FutureTask.run(FutureTask.java:264)
	at java.base/java.util.concurrent.ThreadPoolExecutor.runWorker(ThreadPoolExecutor.java:1128)
	at java.base/java.util.concurrent.ThreadPoolExecutor$Worker.run(ThreadPoolExecutor.java:628)
	at java.base/java.lang.Thread.run(Thread.java:834)
Caused by: java.lang.reflect.InvocationTargetException
	at jdk.internal.reflect.GeneratedMethodAccessor10.invoke(Unknown Source)
	at java.base/jdk.internal.reflect.DelegatingMethodAccessorImpl.invoke(DelegatingMethodAccessorImpl.java:43)
	at java.base/java.lang.reflect.Method.invoke(Method.java:566)
	at org.eclipse.lsp4j.jsonrpc.services.GenericEndpoint.lambda$null$0(GenericEndpoint.java:65)
	... 11 more
Caused by: java.lang.IllegalArgumentException: 16 is not a valid line number, allowed [0..15]
	at scala.meta.internal.inputs.InternalInput.lineToOffset(InternalInput.scala:37)
	at scala.meta.internal.inputs.InternalInput.lineToOffset$(InternalInput.scala:32)
	at scala.meta.inputs.Input$VirtualFile.lineToOffset(Input.scala:80)
	at scala.meta.inputs.Position$Range$.apply(Position.scala:59)
	at scala.meta.internal.mtags.MtagsEnrichments$XtensionPositionLspInverse.toMeta(MtagsEnrichments.scala:133)
	at scala.meta.internal.parsing.Trees.$anonfun$findLastEnclosingAt$4(Trees.scala:77)
	at scala.Option.flatMap(Option.scala:271)
	at scala.meta.internal.parsing.Trees.findLastEnclosingAt(Trees.scala:76)
	at scala.meta.internal.metals.codeactions.PatternMatchRefactor.contribute(PatternMatchRefactor.scala:96)
	at scala.meta.internal.metals.CodeActionProvider$$anonfun$1.applyOrElse(CodeActionProvider.scala:62)
	at scala.meta.internal.metals.CodeActionProvider$$anonfun$1.applyOrElse(CodeActionProvider.scala:61)
	at scala.collection.immutable.List.collect(List.scala:323)
	at scala.meta.internal.metals.CodeActionProvider.codeActions(CodeActionProvider.scala:61)
	at scala.meta.internal.metals.MetalsLanguageServer.$anonfun$codeAction$1(MetalsLanguageServer.scala:1555)
	at scala.meta.internal.metals.CancelTokens$.future(CancelTokens.scala:38)
	at scala.meta.internal.metals.MetalsLanguageServer.codeAction(MetalsLanguageServer.scala:1554)
	... 15 more

Dec 23, 2021 11:08:06 PM org.eclipse.lsp4j.jsonrpc.RemoteEndpoint fallbackResponseError
SEVERE: Internal error: java.lang.reflect.InvocationTargetException
java.lang.RuntimeException: java.lang.reflect.InvocationTargetException
	at org.eclipse.lsp4j.jsonrpc.services.GenericEndpoint.lambda$null$0(GenericEndpoint.java:67)
	at org.eclipse.lsp4j.jsonrpc.services.GenericEndpoint.request(GenericEndpoint.java:120)
	at org.eclipse.lsp4j.jsonrpc.RemoteEndpoint.handleRequest(RemoteEndpoint.java:261)
	at org.eclipse.lsp4j.jsonrpc.RemoteEndpoint.consume(RemoteEndpoint.java:190)
	at org.eclipse.lsp4j.jsonrpc.json.StreamMessageProducer.handleMessage(StreamMessageProducer.java:194)
	at org.eclipse.lsp4j.jsonrpc.json.StreamMessageProducer.listen(StreamMessageProducer.java:94)
	at org.eclipse.lsp4j.jsonrpc.json.ConcurrentMessageProcessor.run(ConcurrentMessageProcessor.java:113)
	at java.base/java.util.concurrent.Executors$RunnableAdapter.call(Executors.java:515)
	at java.base/java.util.concurrent.FutureTask.run(FutureTask.java:264)
	at java.base/java.util.concurrent.ThreadPoolExecutor.runWorker(ThreadPoolExecutor.java:1128)
	at java.base/java.util.concurrent.ThreadPoolExecutor$Worker.run(ThreadPoolExecutor.java:628)
	at java.base/java.lang.Thread.run(Thread.java:834)
Caused by: java.lang.reflect.InvocationTargetException
	at jdk.internal.reflect.GeneratedMethodAccessor10.invoke(Unknown Source)
	at java.base/jdk.internal.reflect.DelegatingMethodAccessorImpl.invoke(DelegatingMethodAccessorImpl.java:43)
	at java.base/java.lang.reflect.Method.invoke(Method.java:566)
	at org.eclipse.lsp4j.jsonrpc.services.GenericEndpoint.lambda$null$0(GenericEndpoint.java:65)
	... 11 more
Caused by: java.lang.IllegalArgumentException: 16 is not a valid line number, allowed [0..15]
	at scala.meta.internal.inputs.InternalInput.lineToOffset(InternalInput.scala:37)
	at scala.meta.internal.inputs.InternalInput.lineToOffset$(InternalInput.scala:32)
	at scala.meta.inputs.Input$VirtualFile.lineToOffset(Input.scala:80)
	at scala.meta.inputs.Position$Range$.apply(Position.scala:59)
	at scala.meta.internal.mtags.MtagsEnrichments$XtensionPositionLspInverse.toMeta(MtagsEnrichments.scala:133)
	at scala.meta.internal.parsing.Trees.$anonfun$findLastEnclosingAt$4(Trees.scala:77)
	at scala.Option.flatMap(Option.scala:271)
	at scala.meta.internal.parsing.Trees.findLastEnclosingAt(Trees.scala:76)
	at scala.meta.internal.metals.codeactions.PatternMatchRefactor.contribute(PatternMatchRefactor.scala:96)
	at scala.meta.internal.metals.CodeActionProvider$$anonfun$1.applyOrElse(CodeActionProvider.scala:62)
	at scala.meta.internal.metals.CodeActionProvider$$anonfun$1.applyOrElse(CodeActionProvider.scala:61)
	at scala.collection.immutable.List.collect(List.scala:323)
	at scala.meta.internal.metals.CodeActionProvider.codeActions(CodeActionProvider.scala:61)
	at scala.meta.internal.metals.MetalsLanguageServer.$anonfun$codeAction$1(MetalsLanguageServer.scala:1555)
	at scala.meta.internal.metals.CancelTokens$.future(CancelTokens.scala:38)
	at scala.meta.internal.metals.MetalsLanguageServer.codeAction(MetalsLanguageServer.scala:1554)
	... 15 more

[0m2021.12.23 23:08:30 INFO  compiling server (1 scala source)[0m
[0m2021.12.23 23:08:30 INFO  time: compiled server in 0.33s[0m
[0m2021.12.23 23:08:57 INFO  compiling server (1 scala source)[0m
[0m2021.12.23 23:08:57 INFO  time: compiled server in 86ms[0m
[0m2021.12.23 23:09:10 INFO  compiling server (1 scala source)[0m
[0m2021.12.23 23:09:10 INFO  time: compiled server in 0.34s[0m
[0m2021.12.23 23:09:24 INFO  compiling server (1 scala source)[0m
[0m2021.12.23 23:09:24 INFO  time: compiled server in 0.31s[0m
[0m2021.12.23 23:12:34 INFO  compiling server (1 scala source)[0m
[0m2021.12.23 23:12:34 INFO  time: compiled server in 0.27s[0m
Dec 23, 2021 11:13:27 PM org.eclipse.lsp4j.jsonrpc.services.GenericEndpoint notify
INFO: Unsupported notification method: $/setTrace
[0m2021.12.23 23:14:24 INFO  time: code lens generation in 2.19s[0m
Dec 23, 2021 11:14:47 PM org.eclipse.lsp4j.jsonrpc.RemoteEndpoint handleCancellation
WARNING: Unmatched cancel notification for request id 922
Dec 23, 2021 11:14:47 PM org.eclipse.lsp4j.jsonrpc.RemoteEndpoint handleCancellation
WARNING: Unmatched cancel notification for request id 924
Dec 23, 2021 11:14:47 PM org.eclipse.lsp4j.jsonrpc.RemoteEndpoint handleCancellation
WARNING: Unmatched cancel notification for request id 921
[0m2021.12.23 23:23:39 WARN  no build target for: J:\scala\scala-study\stevedore\shared\steve\Main.scala[0m
[0m2021.12.23 23:26:16 WARN  no build target for: J:\scala\scala-study\stevedore\shared\steve\src\main\scala\steve\Main.scala[0m
[0m2021.12.23 23:26:56 ERROR text document: file:///j:/scala/scala-study/stevedore/shared/steve/src/main/scala/steve/Main.scala
java.nio.file.NoSuchFileException: j:\scala\scala-study\stevedore\shared\steve\src\main\scala\steve\Main.scala
	at sun.nio.fs.WindowsException.translateToIOException(WindowsException.java:85)
	at sun.nio.fs.WindowsException.rethrowAsIOException(WindowsException.java:103)
	at sun.nio.fs.WindowsException.rethrowAsIOException(WindowsException.java:108)
	at sun.nio.fs.WindowsFileSystemProvider.newByteChannel(WindowsFileSystemProvider.java:235)
	at java.nio.file.Files.newByteChannel(Files.java:371)
	at java.nio.file.Files.newByteChannel(Files.java:422)
	at java.nio.file.Files.readAllBytes(Files.java:3206)
	at scala.meta.internal.io.PlatformFileIO$.slurp(PlatformFileIO.scala:45)
	at scala.meta.internal.io.FileIO$.slurp(FileIO.scala:24)
	at scala.meta.internal.metals.InteractiveSemanticdbs.$anonfun$textDocument$2(InteractiveSemanticdbs.scala:88)
	at scala.Option.getOrElse(Option.scala:189)
	at scala.meta.internal.metals.InteractiveSemanticdbs.$anonfun$textDocument$1(InteractiveSemanticdbs.scala:88)
	at java.util.HashMap.compute(HashMap.java:1228)
	at java.util.Collections$SynchronizedMap.compute(Collections.java:2692)
	at scala.meta.internal.metals.InteractiveSemanticdbs.textDocument(InteractiveSemanticdbs.scala:87)
	at scala.meta.internal.metals.InteractiveSemanticdbs.textDocument(InteractiveSemanticdbs.scala:61)
	at scala.meta.internal.metals.AggregateSemanticdbs.loop$1(AggregateSemanticdbs.scala:30)
	at scala.meta.internal.metals.AggregateSemanticdbs.textDocument(AggregateSemanticdbs.scala:36)
	at scala.meta.internal.metals.CodeLensProvider.findLenses(CodeLensProvider.scala:22)
	at scala.meta.internal.metals.MetalsLanguageServer.$anonfun$codeLens$2(MetalsLanguageServer.scala:1568)
	at scala.meta.internal.metals.TimerProvider.timedThunk(TimerProvider.scala:25)
	at scala.meta.internal.metals.MetalsLanguageServer.$anonfun$codeLens$1(MetalsLanguageServer.scala:1566)
	at scala.meta.internal.metals.CancelTokens$.$anonfun$apply$2(CancelTokens.scala:26)
	at scala.concurrent.Future$.$anonfun$apply$1(Future.scala:659)
	at scala.util.Success.$anonfun$map$1(Try.scala:255)
	at scala.util.Success.map(Try.scala:213)
	at scala.concurrent.Future.$anonfun$map$1(Future.scala:292)
	at scala.concurrent.impl.Promise.liftedTree1$1(Promise.scala:33)
	at scala.concurrent.impl.Promise.$anonfun$transform$1(Promise.scala:33)
	at scala.concurrent.impl.CallbackRunnable.run(Promise.scala:64)
	at java.util.concurrent.ThreadPoolExecutor.runWorker(ThreadPoolExecutor.java:1128)
	at java.util.concurrent.ThreadPoolExecutor$Worker.run(ThreadPoolExecutor.java:628)
	at java.lang.Thread.run(Thread.java:834)
[0m
[0m2021.12.23 23:29:25 ERROR text document: file:///j:/scala/scala-study/stevedore/shared/steve/src/main/scala/steve/Main.scala
java.nio.file.NoSuchFileException: j:\scala\scala-study\stevedore\shared\steve\src\main\scala\steve\Main.scala
	at sun.nio.fs.WindowsException.translateToIOException(WindowsException.java:85)
	at sun.nio.fs.WindowsException.rethrowAsIOException(WindowsException.java:103)
	at sun.nio.fs.WindowsException.rethrowAsIOException(WindowsException.java:108)
	at sun.nio.fs.WindowsFileSystemProvider.newByteChannel(WindowsFileSystemProvider.java:235)
	at java.nio.file.Files.newByteChannel(Files.java:371)
	at java.nio.file.Files.newByteChannel(Files.java:422)
	at java.nio.file.Files.readAllBytes(Files.java:3206)
	at scala.meta.internal.io.PlatformFileIO$.slurp(PlatformFileIO.scala:45)
	at scala.meta.internal.io.FileIO$.slurp(FileIO.scala:24)
	at scala.meta.internal.metals.InteractiveSemanticdbs.$anonfun$textDocument$2(InteractiveSemanticdbs.scala:88)
	at scala.Option.getOrElse(Option.scala:189)
	at scala.meta.internal.metals.InteractiveSemanticdbs.$anonfun$textDocument$1(InteractiveSemanticdbs.scala:88)
	at java.util.HashMap.compute(HashMap.java:1228)
	at java.util.Collections$SynchronizedMap.compute(Collections.java:2692)
	at scala.meta.internal.metals.InteractiveSemanticdbs.textDocument(InteractiveSemanticdbs.scala:87)
	at scala.meta.internal.metals.InteractiveSemanticdbs.textDocument(InteractiveSemanticdbs.scala:61)
	at scala.meta.internal.metals.AggregateSemanticdbs.loop$1(AggregateSemanticdbs.scala:30)
	at scala.meta.internal.metals.AggregateSemanticdbs.textDocument(AggregateSemanticdbs.scala:36)
	at scala.meta.internal.metals.CodeLensProvider.findLenses(CodeLensProvider.scala:22)
	at scala.meta.internal.metals.MetalsLanguageServer.$anonfun$codeLens$2(MetalsLanguageServer.scala:1568)
	at scala.meta.internal.metals.TimerProvider.timedThunk(TimerProvider.scala:25)
	at scala.meta.internal.metals.MetalsLanguageServer.$anonfun$codeLens$1(MetalsLanguageServer.scala:1566)
	at scala.meta.internal.metals.CancelTokens$.$anonfun$apply$2(CancelTokens.scala:26)
	at scala.concurrent.Future$.$anonfun$apply$1(Future.scala:659)
	at scala.util.Success.$anonfun$map$1(Try.scala:255)
	at scala.util.Success.map(Try.scala:213)
	at scala.concurrent.Future.$anonfun$map$1(Future.scala:292)
	at scala.concurrent.impl.Promise.liftedTree1$1(Promise.scala:33)
	at scala.concurrent.impl.Promise.$anonfun$transform$1(Promise.scala:33)
	at scala.concurrent.impl.CallbackRunnable.run(Promise.scala:64)
	at java.util.concurrent.ThreadPoolExecutor.runWorker(ThreadPoolExecutor.java:1128)
	at java.util.concurrent.ThreadPoolExecutor$Worker.run(ThreadPoolExecutor.java:628)
	at java.lang.Thread.run(Thread.java:834)
[0m
[0m2021.12.23 23:31:58 WARN  no build target for: J:\scala\scala-study\stevedore\shared\src\main\scala\steve\Main.scala[0m
[0m2021.12.23 23:32:02 ERROR text document: file:///j:/scala/scala-study/stevedore/shared/steve/src/main/scala/steve/Main.scala
java.nio.file.NoSuchFileException: j:\scala\scala-study\stevedore\shared\steve\src\main\scala\steve\Main.scala
	at sun.nio.fs.WindowsException.translateToIOException(WindowsException.java:85)
	at sun.nio.fs.WindowsException.rethrowAsIOException(WindowsException.java:103)
	at sun.nio.fs.WindowsException.rethrowAsIOException(WindowsException.java:108)
	at sun.nio.fs.WindowsFileSystemProvider.newByteChannel(WindowsFileSystemProvider.java:235)
	at java.nio.file.Files.newByteChannel(Files.java:371)
	at java.nio.file.Files.newByteChannel(Files.java:422)
	at java.nio.file.Files.readAllBytes(Files.java:3206)
	at scala.meta.internal.io.PlatformFileIO$.slurp(PlatformFileIO.scala:45)
	at scala.meta.internal.io.FileIO$.slurp(FileIO.scala:24)
	at scala.meta.internal.metals.InteractiveSemanticdbs.$anonfun$textDocument$2(InteractiveSemanticdbs.scala:88)
	at scala.Option.getOrElse(Option.scala:189)
	at scala.meta.internal.metals.InteractiveSemanticdbs.$anonfun$textDocument$1(InteractiveSemanticdbs.scala:88)
	at java.util.HashMap.compute(HashMap.java:1228)
	at java.util.Collections$SynchronizedMap.compute(Collections.java:2692)
	at scala.meta.internal.metals.InteractiveSemanticdbs.textDocument(InteractiveSemanticdbs.scala:87)
	at scala.meta.internal.metals.InteractiveSemanticdbs.textDocument(InteractiveSemanticdbs.scala:61)
	at scala.meta.internal.metals.AggregateSemanticdbs.loop$1(AggregateSemanticdbs.scala:30)
	at scala.meta.internal.metals.AggregateSemanticdbs.textDocument(AggregateSemanticdbs.scala:36)
	at scala.meta.internal.decorations.SyntheticsDecorationProvider.currentDocument(SyntheticsDecorationProvider.scala:256)
	at scala.meta.internal.decorations.SyntheticsDecorationProvider.publishSynthetics(SyntheticsDecorationProvider.scala:74)
	at scala.meta.internal.metals.MetalsLanguageServer.didFocus(MetalsLanguageServer.scala:1084)
	at jdk.internal.reflect.NativeMethodAccessorImpl.invoke0(Native Method)
	at jdk.internal.reflect.NativeMethodAccessorImpl.invoke(NativeMethodAccessorImpl.java:62)
	at jdk.internal.reflect.DelegatingMethodAccessorImpl.invoke(DelegatingMethodAccessorImpl.java:43)
	at java.lang.reflect.Method.invoke(Method.java:566)
	at org.eclipse.lsp4j.jsonrpc.services.GenericEndpoint.lambda$null$0(GenericEndpoint.java:65)
	at org.eclipse.lsp4j.jsonrpc.services.GenericEndpoint.notify(GenericEndpoint.java:152)
	at org.eclipse.lsp4j.jsonrpc.RemoteEndpoint.handleNotification(RemoteEndpoint.java:220)
	at org.eclipse.lsp4j.jsonrpc.RemoteEndpoint.consume(RemoteEndpoint.java:187)
	at org.eclipse.lsp4j.jsonrpc.json.StreamMessageProducer.handleMessage(StreamMessageProducer.java:194)
	at org.eclipse.lsp4j.jsonrpc.json.StreamMessageProducer.listen(StreamMessageProducer.java:94)
	at org.eclipse.lsp4j.jsonrpc.json.ConcurrentMessageProcessor.run(ConcurrentMessageProcessor.java:113)
	at java.util.concurrent.Executors$RunnableAdapter.call(Executors.java:515)
	at java.util.concurrent.FutureTask.run(FutureTask.java:264)
	at java.util.concurrent.ThreadPoolExecutor.runWorker(ThreadPoolExecutor.java:1128)
	at java.util.concurrent.ThreadPoolExecutor$Worker.run(ThreadPoolExecutor.java:628)
	at java.lang.Thread.run(Thread.java:834)
[0m
[0m2021.12.23 23:32:02 ERROR text document: file:///j:/scala/scala-study/stevedore/shared/steve/src/main/scala/steve/Main.scala
java.nio.file.NoSuchFileException: j:\scala\scala-study\stevedore\shared\steve\src\main\scala\steve\Main.scala
	at sun.nio.fs.WindowsException.translateToIOException(WindowsException.java:85)
	at sun.nio.fs.WindowsException.rethrowAsIOException(WindowsException.java:103)
	at sun.nio.fs.WindowsException.rethrowAsIOException(WindowsException.java:108)
	at sun.nio.fs.WindowsFileSystemProvider.newByteChannel(WindowsFileSystemProvider.java:235)
	at java.nio.file.Files.newByteChannel(Files.java:371)
	at java.nio.file.Files.newByteChannel(Files.java:422)
	at java.nio.file.Files.readAllBytes(Files.java:3206)
	at scala.meta.internal.io.PlatformFileIO$.slurp(PlatformFileIO.scala:45)
	at scala.meta.internal.io.FileIO$.slurp(FileIO.scala:24)
	at scala.meta.internal.metals.InteractiveSemanticdbs.$anonfun$textDocument$2(InteractiveSemanticdbs.scala:88)
	at scala.Option.getOrElse(Option.scala:189)
	at scala.meta.internal.metals.InteractiveSemanticdbs.$anonfun$textDocument$1(InteractiveSemanticdbs.scala:88)
	at java.util.HashMap.compute(HashMap.java:1228)
	at java.util.Collections$SynchronizedMap.compute(Collections.java:2692)
	at scala.meta.internal.metals.InteractiveSemanticdbs.textDocument(InteractiveSemanticdbs.scala:87)
	at scala.meta.internal.metals.InteractiveSemanticdbs.textDocument(InteractiveSemanticdbs.scala:61)
	at scala.meta.internal.metals.AggregateSemanticdbs.loop$1(AggregateSemanticdbs.scala:30)
	at scala.meta.internal.metals.AggregateSemanticdbs.textDocument(AggregateSemanticdbs.scala:36)
	at scala.meta.internal.metals.CodeLensProvider.findLenses(CodeLensProvider.scala:22)
	at scala.meta.internal.metals.MetalsLanguageServer.$anonfun$codeLens$2(MetalsLanguageServer.scala:1568)
	at scala.meta.internal.metals.TimerProvider.timedThunk(TimerProvider.scala:25)
	at scala.meta.internal.metals.MetalsLanguageServer.$anonfun$codeLens$1(MetalsLanguageServer.scala:1566)
	at scala.meta.internal.metals.CancelTokens$.$anonfun$apply$2(CancelTokens.scala:26)
	at scala.concurrent.Future$.$anonfun$apply$1(Future.scala:659)
	at scala.util.Success.$anonfun$map$1(Try.scala:255)
	at scala.util.Success.map(Try.scala:213)
	at scala.concurrent.Future.$anonfun$map$1(Future.scala:292)
	at scala.concurrent.impl.Promise.liftedTree1$1(Promise.scala:33)
	at scala.concurrent.impl.Promise.$anonfun$transform$1(Promise.scala:33)
	at scala.concurrent.impl.CallbackRunnable.run(Promise.scala:64)
	at java.util.concurrent.ThreadPoolExecutor.runWorker(ThreadPoolExecutor.java:1128)
	at java.util.concurrent.ThreadPoolExecutor$Worker.run(ThreadPoolExecutor.java:628)
	at java.lang.Thread.run(Thread.java:834)
[0m
[0m2021.12.23 23:32:05 WARN  no build target for: J:\scala\scala-study\stevedore\shared\src\main\scala\steve\Main.scala[0m
[0m2021.12.23 23:32:08 WARN  no build target for: J:\scala\scala-study\stevedore\shared\src\main\scala\steve\Main.scala[0m
[0m2021.12.23 23:32:13 WARN  no build target for: J:\scala\scala-study\stevedore\shared\src\main\scala\steve\model.scala[0m
[0m2021.12.23 23:57:49 INFO  shutting down Metals[0m
[0m2021.12.23 23:57:49 INFO  Shut down connection with build server.[0m
[0m2021.12.23 23:57:49 INFO  Shut down connection with build server.[0m
[0m2021.12.23 23:57:49 INFO  Shut down connection with build server.[0m
No more data in the client stdin, exiting...
No more data in the server stdin, exiting...
No more data in the client stdin, exiting...
No more data in the client stdin, exiting...
Unexpected exception when forwarding server stdin ---> client stdout
Unexpected exception when forwarding server stdin ---> client stdout
java.net.SocketException: Socket closed
	at java.base/java.net.SocketInputStream.socketRead0(Native Method)
	at java.base/java.net.SocketInputStream.socketRead(SocketInputStream.java:115)
	at java.base/java.net.SocketInputStream.read(SocketInputStream.java:168)
	at java.base/java.net.SocketInputStream.read(SocketInputStream.java:140)
	at java.base/java.nio.channels.Channels$ReadableByteChannelImpl.read(Channels.java:388)
	at bloop.launcher.bsp.BspBridge.copyContents(BspBridge.scala:289)
	at bloop.launcher.bsp.BspBridge.forwardStreamContents(BspBridge.scala:275)
	at bloop.launcher.bsp.BspBridge.$anonfun$wireBspConnectionStreams$2(BspBridge.scala:228)
	at bloop.bloopgun.core.Shell$$anon$2.run(Shell.scala:156)
java.net.SocketException: Socket closed
	at java.base/java.net.SocketInputStream.socketRead0(Native Method)
	at java.base/java.net.SocketInputStream.socketRead(SocketInputStream.java:115)
	at java.base/java.net.SocketInputStream.read(SocketInputStream.java:168)
	at java.base/java.net.SocketInputStream.read(SocketInputStream.java:140)
	at java.base/java.nio.channels.Channels$ReadableByteChannelImpl.read(Channels.java:388)
	at bloop.launcher.bsp.BspBridge.copyContents(BspBridge.scala:289)
	at bloop.launcher.bsp.BspBridge.forwardStreamContents(BspBridge.scala:275)
	at bloop.launcher.bsp.BspBridge.$anonfun$wireBspConnectionStreams$2(BspBridge.scala:228)
	at bloop.bloopgun.core.Shell$$anon$2.run(Shell.scala:156)
[0m2021.12.27 20:17:15 INFO  Started: Metals version 0.10.9 in workspace 'J:\scala\scala-study\stevedore' for client Visual Studio Code 1.63.2.[0m
[0m2021.12.27 20:17:16 INFO  time: initialize in 1.02s[0m
[0m2021.12.27 20:17:16 INFO  Attempting to connect to the build server...[0m
[0m2021.12.27 20:17:16 INFO  skipping build import with status 'Requested'[0m
Starting the bsp launcher for bloop...
Opening a bsp server connection with 'bsp --protocol tcp --port 22232'...
Waiting for the bsp connection to come up...
Waiting for the bsp connection to come up...
Waiting for the bsp connection to come up...
[0m2021.12.27 20:17:20 INFO  no build target: using presentation compiler with only scala-library: 3.1.0[0m
Waiting for the bsp connection to come up...
No server running at 127.0.0.1:8212, let's fire one...
Resolving ch.epfl.scala:bloop-frontend_2.12:1.4.11...
Starting bloop server at 127.0.0.1:8212...
Attempting a connection to the server...
[0m[32m[D][0m Loading workspace settings from bloop.settings.json
[0m[32m[D][0m Loading 6 projects from 'j:\scala\scala-study\stevedore\.bloop'...
[0m[32m[D][0m Loading project from 'j:\scala\scala-study\stevedore\.bloop\server-test.json'
[0m[32m[D][0m Loading project from 'j:\scala\scala-study\stevedore\.bloop\root.json'
[0m[32m[D][0m Loading project from 'j:\scala\scala-study\stevedore\.bloop\server.json'
[0m[32m[D][0m Loading project from 'j:\scala\scala-study\stevedore\.bloop\client-test.json'
[0m[32m[D][0m Loading project from 'j:\scala\scala-study\stevedore\.bloop\root-test.json'
[0m[32m[D][0m Loading project from 'j:\scala\scala-study\stevedore\.bloop\client.json'
[0m[32m[D][0m Cache miss for scala instance org.scala-lang:scala-compiler:2.12.14.
[0m[32m[D][0m   => C:\Users\kmarrero\.sbt\boot\scala-2.12.14\lib\jansi.jar
[0m[32m[D][0m   => C:\Users\kmarrero\.sbt\boot\scala-2.12.14\lib\jline.jar
[0m[32m[D][0m   => C:\Users\kmarrero\.sbt\boot\scala-2.12.14\lib\scala-compiler.jar
[0m[32m[D][0m   => C:\Users\kmarrero\.sbt\boot\scala-2.12.14\lib\scala-library.jar
[0m[32m[D][0m   => C:\Users\kmarrero\.sbt\boot\scala-2.12.14\lib\scala-reflect.jar
[0m[32m[D][0m   => C:\Users\kmarrero\.sbt\boot\scala-2.12.14\lib\scala-xml_2.12.jar
[0m[32m[D][0m Cache miss for scala instance org.scala-lang:scala-compiler:3.1.0.
[0m[32m[D][0m   => C:\Users\kmarrero\AppData\Local\Coursier\Cache\v1\https\repo1.maven.org\maven2\com\fasterxml\jackson\core\jackson-annotations\2.2.3\jackson-annotations-2.2.3.jar
[0m[32m[D][0m   => C:\Users\kmarrero\AppData\Local\Coursier\Cache\v1\https\repo1.maven.org\maven2\com\fasterxml\jackson\core\jackson-core\2.9.8\jackson-core-2.9.8.jar
[0m[32m[D][0m   => C:\Users\kmarrero\AppData\Local\Coursier\Cache\v1\https\repo1.maven.org\maven2\com\fasterxml\jackson\core\jackson-databind\2.2.3\jackson-databind-2.2.3.jar
[0m[32m[D][0m   => C:\Users\kmarrero\AppData\Local\Coursier\Cache\v1\https\repo1.maven.org\maven2\com\fasterxml\jackson\dataformat\jackson-dataformat-yaml\2.9.8\jackson-dataformat-yaml-2.9.8.jar
[0m[32m[D][0m   => C:\Users\kmarrero\AppData\Local\Coursier\Cache\v1\https\repo1.maven.org\maven2\com\google\protobuf\protobuf-java\3.7.0\protobuf-java-3.7.0.jar
[0m[32m[D][0m   => C:\Users\kmarrero\AppData\Local\Coursier\Cache\v1\https\repo1.maven.org\maven2\com\vladsch\flexmark\flexmark-ext-anchorlink\0.42.12\flexmark-ext-anchorlink-0.42.12.jar
[0m[32m[D][0m   => C:\Users\kmarrero\AppData\Local\Coursier\Cache\v1\https\repo1.maven.org\maven2\com\vladsch\flexmark\flexmark-ext-autolink\0.42.12\flexmark-ext-autolink-0.42.12.jar
[0m[32m[D][0m   => C:\Users\kmarrero\AppData\Local\Coursier\Cache\v1\https\repo1.maven.org\maven2\com\vladsch\flexmark\flexmark-ext-emoji\0.42.12\flexmark-ext-emoji-0.42.12.jar
[0m[32m[D][0m   => C:\Users\kmarrero\AppData\Local\Coursier\Cache\v1\https\repo1.maven.org\maven2\com\vladsch\flexmark\flexmark-ext-gfm-strikethrough\0.42.12\flexmark-ext-gfm-strikethrough-0.42.12.jar
[0m[32m[D][0m   => C:\Users\kmarrero\AppData\Local\Coursier\Cache\v1\https\repo1.maven.org\maven2\com\vladsch\flexmark\flexmark-ext-gfm-tables\0.42.12\flexmark-ext-gfm-tables-0.42.12.jar
[0m[32m[D][0m   => C:\Users\kmarrero\AppData\Local\Coursier\Cache\v1\https\repo1.maven.org\maven2\com\vladsch\flexmark\flexmark-ext-gfm-tasklist\0.42.12\flexmark-ext-gfm-tasklist-0.42.12.jar
[0m[32m[D][0m   => C:\Users\kmarrero\AppData\Local\Coursier\Cache\v1\https\repo1.maven.org\maven2\com\vladsch\flexmark\flexmark-ext-ins\0.42.12\flexmark-ext-ins-0.42.12.jar
[0m[32m[D][0m   => C:\Users\kmarrero\AppData\Local\Coursier\Cache\v1\https\repo1.maven.org\maven2\com\vladsch\flexmark\flexmark-ext-superscript\0.42.12\flexmark-ext-superscript-0.42.12.jar
[0m[32m[D][0m   => C:\Users\kmarrero\AppData\Local\Coursier\Cache\v1\https\repo1.maven.org\maven2\com\vladsch\flexmark\flexmark-ext-tables\0.42.12\flexmark-ext-tables-0.42.12.jar
[0m[32m[D][0m   => C:\Users\kmarrero\AppData\Local\Coursier\Cache\v1\https\repo1.maven.org\maven2\com\vladsch\flexmark\flexmark-ext-wikilink\0.42.12\flexmark-ext-wikilink-0.42.12.jar
[0m[32m[D][0m   => C:\Users\kmarrero\AppData\Local\Coursier\Cache\v1\https\repo1.maven.org\maven2\com\vladsch\flexmark\flexmark-ext-yaml-front-matter\0.42.12\flexmark-ext-yaml-front-matter-0.42.12.jar
[0m[32m[D][0m   => C:\Users\kmarrero\AppData\Local\Coursier\Cache\v1\https\repo1.maven.org\maven2\com\vladsch\flexmark\flexmark-formatter\0.42.12\flexmark-formatter-0.42.12.jar
[0m[32m[D][0m   => C:\Users\kmarrero\AppData\Local\Coursier\Cache\v1\https\repo1.maven.org\maven2\com\vladsch\flexmark\flexmark-html-parser\0.42.12\flexmark-html-parser-0.42.12.jar
[0m[32m[D][0m   => C:\Users\kmarrero\AppData\Local\Coursier\Cache\v1\https\repo1.maven.org\maven2\com\vladsch\flexmark\flexmark-jira-converter\0.42.12\flexmark-jira-converter-0.42.12.jar
[0m[32m[D][0m   => C:\Users\kmarrero\AppData\Local\Coursier\Cache\v1\https\repo1.maven.org\maven2\com\vladsch\flexmark\flexmark-util\0.42.12\flexmark-util-0.42.12.jar
[0m[32m[D][0m   => C:\Users\kmarrero\AppData\Local\Coursier\Cache\v1\https\repo1.maven.org\maven2\com\vladsch\flexmark\flexmark\0.42.12\flexmark-0.42.12.jar
[0m[32m[D][0m   => C:\Users\kmarrero\AppData\Local\Coursier\Cache\v1\https\repo1.maven.org\maven2\net\java\dev\jna\jna\5.3.1\jna-5.3.1.jar
[0m[32m[D][0m   => C:\Users\kmarrero\AppData\Local\Coursier\Cache\v1\https\repo1.maven.org\maven2\nl\big-o\liqp\0.6.7\liqp-0.6.7.jar
[0m[32m[D][0m   => C:\Users\kmarrero\AppData\Local\Coursier\Cache\v1\https\repo1.maven.org\maven2\org\antlr\ST4\4.0.7\ST4-4.0.7.jar
[0m[32m[D][0m   => C:\Users\kmarrero\AppData\Local\Coursier\Cache\v1\https\repo1.maven.org\maven2\org\antlr\antlr-runtime\3.5.1\antlr-runtime-3.5.1.jar
[0m[32m[D][0m   => C:\Users\kmarrero\AppData\Local\Coursier\Cache\v1\https\repo1.maven.org\maven2\org\antlr\antlr\3.5.1\antlr-3.5.1.jar
[0m[32m[D][0m   => C:\Users\kmarrero\AppData\Local\Coursier\Cache\v1\https\repo1.maven.org\maven2\org\jline\jline-reader\3.19.0\jline-reader-3.19.0.jar
[0m[32m[D][0m   => C:\Users\kmarrero\AppData\Local\Coursier\Cache\v1\https\repo1.maven.org\maven2\org\jline\jline-terminal-jna\3.19.0\jline-terminal-jna-3.19.0.jar
[0m[32m[D][0m   => C:\Users\kmarrero\AppData\Local\Coursier\Cache\v1\https\repo1.maven.org\maven2\org\jline\jline-terminal\3.19.0\jline-terminal-3.19.0.jar
[0m[32m[D][0m   => C:\Users\kmarrero\AppData\Local\Coursier\Cache\v1\https\repo1.maven.org\maven2\org\jsoup\jsoup\1.13.1\jsoup-1.13.1.jar
[0m[32m[D][0m   => C:\Users\kmarrero\AppData\Local\Coursier\Cache\v1\https\repo1.maven.org\maven2\org\nibor\autolink\autolink\0.6.0\autolink-0.6.0.jar
[0m[32m[D][0m   => C:\Users\kmarrero\AppData\Local\Coursier\Cache\v1\https\repo1.maven.org\maven2\org\scala-lang\modules\scala-asm\9.1.0-scala-1\scala-asm-9.1.0-scala-1.jar
[0m[32m[D][0m   => C:\Users\kmarrero\AppData\Local\Coursier\Cache\v1\https\repo1.maven.org\maven2\org\scala-lang\scala-library\2.13.6\scala-library-2.13.6.jar
[0m[32m[D][0m   => C:\Users\kmarrero\AppData\Local\Coursier\Cache\v1\https\repo1.maven.org\maven2\org\scala-lang\scala3-compiler_3\3.1.0\scala3-compiler_3-3.1.0.jar
[0m[32m[D][0m   => C:\Users\kmarrero\AppData\Local\Coursier\Cache\v1\https\repo1.maven.org\maven2\org\scala-lang\scala3-interfaces\3.1.0\scala3-interfaces-3.1.0.jar
[0m[32m[D][0m   => C:\Users\kmarrero\AppData\Local\Coursier\Cache\v1\https\repo1.maven.org\maven2\org\scala-lang\scala3-library_3\3.1.0\scala3-library_3-3.1.0.jar
[0m[32m[D][0m   => C:\Users\kmarrero\AppData\Local\Coursier\Cache\v1\https\repo1.maven.org\maven2\org\scala-lang\scala3-tasty-inspector_3\3.1.0\scala3-tasty-inspector_3-3.1.0.jar
[0m[32m[D][0m   => C:\Users\kmarrero\AppData\Local\Coursier\Cache\v1\https\repo1.maven.org\maven2\org\scala-lang\scaladoc_3\3.1.0\scaladoc_3-3.1.0.jar
[0m[32m[D][0m   => C:\Users\kmarrero\AppData\Local\Coursier\Cache\v1\https\repo1.maven.org\maven2\org\scala-lang\tasty-core_3\3.1.0\tasty-core_3-3.1.0.jar
[0m[32m[D][0m   => C:\Users\kmarrero\AppData\Local\Coursier\Cache\v1\https\repo1.maven.org\maven2\org\scala-sbt\compiler-interface\1.3.5\compiler-interface-1.3.5.jar
[0m[32m[D][0m   => C:\Users\kmarrero\AppData\Local\Coursier\Cache\v1\https\repo1.maven.org\maven2\org\scala-sbt\util-interface\1.3.0\util-interface-1.3.0.jar
[0m[32m[D][0m   => C:\Users\kmarrero\AppData\Local\Coursier\Cache\v1\https\repo1.maven.org\maven2\org\yaml\snakeyaml\1.23\snakeyaml-1.23.jar
[0m[32m[D][0m Configured Scala SemanticDB in projects 'root', 'root-test'
[0m[32m[D][0m Missing analysis file for project 'client-test'
[0m[32m[D][0m Missing analysis file for project 'client'
[0m[32m[D][0m Missing analysis file for project 'server-test'
[0m[32m[D][0m Missing analysis file for project 'root'
[0m[32m[D][0m Missing analysis file for project 'root-test'
[0m[32m[D][0m Loading previous analysis for 'server' from 'J:\scala\scala-study\stevedore\server\target\streams\compile\bloopAnalysisOut\_global\streams\inc_compile_3.zip'.
[0m[32m[D][0m Waiting for a connection at 127.0.0.1:22232...
The server is listening for incoming connections at tcp://127.0.0.1:22232...
Starting thread that pumps stdin and redirects it to the bsp server...
Starting thread that pumps server stdout and redirects it to the client stdout...
[0m2021.12.27 20:17:23 INFO  tracing is disabled for protocol BSP, to enable tracing of incoming and outgoing JSON messages create an empty file at C:\Users\kmarrero\AppData\Local\scalameta\metals\cache\bsp.trace.json[0m
[0m2021.12.27 20:17:23 INFO  Attempting to connect to the build server...[0m
Starting the bsp launcher for bloop...
[0mOpening a bsp server connection with 'bsp --protocol tcp --port 11549'...2021.12.27 20:17:23
 INFO Waiting for the bsp connection to come up... 
Attempting to connect to the build server...[0m
Starting the bsp launcher for bloop...
Opening a bsp server connection with 'bsp --protocol tcp --port 20908'...
Waiting for the bsp connection to come up...
[0m2021.12.27 20:17:23 INFO  time: code lens generation in 6.56s[0m
[0m[32m[D][0m Loading workspace settings from bloop.settings.json
[0m[32m[D][0m Waiting for a connection at 127.0.0.1:11549...
The server is listening for incoming connections at tcp://127.0.0.1:11549...
[0m[32m[D][0m Loading workspace settings from bloop.settings.json
[0m[32m[D][0m Waiting for a connection at 127.0.0.1:20908...
The server is listening for incoming connections at tcp://127.0.0.1:20908...
Starting thread that pumps stdin and redirects it to the bsp server...
Starting thread that pumps stdin and redirects it to the bsp server...
Starting thread that pumps server stdout and redirects it to the client stdout...
Starting thread that pumps server stdout and redirects it to the client stdout...
[0m2021.12.27 20:17:23 INFO  time: code lens generation in 5.19s[0m
[0m2021.12.27 20:17:23 INFO  tracing is disabled for protocol BSP, to enable tracing of incoming and outgoing JSON messages create an empty file at C:\Users\kmarrero\AppData\Local\scalameta\metals\cache\bsp.trace.json[0m
[0m2021.12.27 20:17:24 INFO  tracing is disabled for protocol BSP, to enable tracing of incoming and outgoing JSON messages create an empty file at C:\Users\kmarrero\AppData\Local\scalameta\metals\cache\bsp.trace.json[0m
[0m2021.12.27 20:17:24 INFO  time: Connected to build server in 7.76s[0m
[0m2021.12.27 20:17:24 INFO  Connected to Build server: Bloop v1.4.11[0m
[0m2021.12.27 20:17:23 INFO  time: Imported build in 0.12s[0m
[0m2021.12.27 20:17:26 INFO  time: indexed workspace in 1.84s[0m
[0m2021.12.27 20:17:26 WARN  no build target for: J:\scala\scala-study\stevedore\shared\src\main\scala\steve\model.scala[0m
[0m2021.12.27 20:17:27 INFO  no build target: using presentation compiler with only scala-library: 3.1.0[0m
[0m2021.12.27 20:17:31 INFO  time: code lens generation in 2.27s[0m
[0m2021.12.27 20:17:31 WARN  no build target for: J:\scala\scala-study\stevedore\shared\src\main\scala\steve\model.scala[0m
[0m2021.12.27 23:37:42 INFO  shutting down Metals[0m
[0m2021.12.27 23:37:42 INFO  Shut down connection with build server.[0m
[0m2021.12.27 23:37:42 INFO  Shut down connection with build server.[0m
No more data in the client stdin, exiting...
[0m2021.12.27 23:37:42No more data in the server stdin, exiting... 
INFO  No more data in the server stdin, exiting...Shut down connection with build server.
[0mNo more data in the server stdin, exiting...

No more data in the client stdin, exiting...
No more data in the server stdin, exiting...
No more data in the client stdin, exiting...
[0m2021.12.28 14:25:39 INFO  Started: Metals version 0.10.9 in workspace 'J:\scala\scala-study\stevedore' for client Visual Studio Code 1.63.2.[0m
[0m2021.12.28 14:25:40 INFO  time: initialize in 1s[0m
[0m2021.12.28 14:25:40 INFO  Attempting to connect to the build server...[0m
[0m2021.12.28 14:25:40 INFO  skipping build import with status 'Requested'[0m
Starting the bsp launcher for bloop...
Opening a bsp server connection with 'bsp --protocol tcp --port 27925'...
Waiting for the bsp connection to come up...
Waiting for the bsp connection to come up...
Waiting for the bsp connection to come up...
Waiting for the bsp connection to come up...
No server running at 127.0.0.1:8212, let's fire one...
Resolving ch.epfl.scala:bloop-frontend_2.12:1.4.11...
Starting bloop server at 127.0.0.1:8212...
Attempting a connection to the server...
[0m[32m[D][0m Loading workspace settings from bloop.settings.json
[0m[32m[D][0m Loading 6 projects from 'j:\scala\scala-study\stevedore\.bloop'...
[0m[32m[D][0m Loading project from 'j:\scala\scala-study\stevedore\.bloop\client-test.json'
[0m[32m[D][0m Loading project from 'j:\scala\scala-study\stevedore\.bloop\server.json'
[0m[32m[D][0m Loading project from 'j:\scala\scala-study\stevedore\.bloop\client.json'
[0m[32m[D][0m Loading project from 'j:\scala\scala-study\stevedore\.bloop\server-test.json'
[0m[32m[D][0m Loading project from 'j:\scala\scala-study\stevedore\.bloop\root.json'
[0m[32m[D][0m Loading project from 'j:\scala\scala-study\stevedore\.bloop\root-test.json'
[0m[32m[D][0m Cache miss for scala instance org.scala-lang:scala-compiler:2.12.14.
[0m[32m[D][0m   => C:\Users\kmarrero\.sbt\boot\scala-2.12.14\lib\jansi.jar
[0m[32m[D][0m   => C:\Users\kmarrero\.sbt\boot\scala-2.12.14\lib\jline.jar
[0m[32m[D][0m   => C:\Users\kmarrero\.sbt\boot\scala-2.12.14\lib\scala-compiler.jar
[0m[32m[D][0m   => C:\Users\kmarrero\.sbt\boot\scala-2.12.14\lib\scala-library.jar
[0m[32m[D][0m   => C:\Users\kmarrero\.sbt\boot\scala-2.12.14\lib\scala-reflect.jar
[0m[32m[D][0m   => C:\Users\kmarrero\.sbt\boot\scala-2.12.14\lib\scala-xml_2.12.jar
[0m[32m[D][0m Cache miss for scala instance org.scala-lang:scala-compiler:3.1.0.
[0m[32m[D][0m   => C:\Users\kmarrero\AppData\Local\Coursier\Cache\v1\https\repo1.maven.org\maven2\com\fasterxml\jackson\core\jackson-annotations\2.2.3\jackson-annotations-2.2.3.jar
[0m[32m[D][0m   => C:\Users\kmarrero\AppData\Local\Coursier\Cache\v1\https\repo1.maven.org\maven2\com\fasterxml\jackson\core\jackson-core\2.9.8\jackson-core-2.9.8.jar
[0m[32m[D][0m   => C:\Users\kmarrero\AppData\Local\Coursier\Cache\v1\https\repo1.maven.org\maven2\com\fasterxml\jackson\core\jackson-databind\2.2.3\jackson-databind-2.2.3.jar
[0m[32m[D][0m   => C:\Users\kmarrero\AppData\Local\Coursier\Cache\v1\https\repo1.maven.org\maven2\com\fasterxml\jackson\dataformat\jackson-dataformat-yaml\2.9.8\jackson-dataformat-yaml-2.9.8.jar
[0m[32m[D][0m   => C:\Users\kmarrero\AppData\Local\Coursier\Cache\v1\https\repo1.maven.org\maven2\com\google\protobuf\protobuf-java\3.7.0\protobuf-java-3.7.0.jar
[0m[32m[D][0m   => C:\Users\kmarrero\AppData\Local\Coursier\Cache\v1\https\repo1.maven.org\maven2\com\vladsch\flexmark\flexmark-ext-anchorlink\0.42.12\flexmark-ext-anchorlink-0.42.12.jar
[0m[32m[D][0m   => C:\Users\kmarrero\AppData\Local\Coursier\Cache\v1\https\repo1.maven.org\maven2\com\vladsch\flexmark\flexmark-ext-autolink\0.42.12\flexmark-ext-autolink-0.42.12.jar
[0m[32m[D][0m   => C:\Users\kmarrero\AppData\Local\Coursier\Cache\v1\https\repo1.maven.org\maven2\com\vladsch\flexmark\flexmark-ext-emoji\0.42.12\flexmark-ext-emoji-0.42.12.jar
[0m[32m[D][0m   => C:\Users\kmarrero\AppData\Local\Coursier\Cache\v1\https\repo1.maven.org\maven2\com\vladsch\flexmark\flexmark-ext-gfm-strikethrough\0.42.12\flexmark-ext-gfm-strikethrough-0.42.12.jar
[0m[32m[D][0m   => C:\Users\kmarrero\AppData\Local\Coursier\Cache\v1\https\repo1.maven.org\maven2\com\vladsch\flexmark\flexmark-ext-gfm-tables\0.42.12\flexmark-ext-gfm-tables-0.42.12.jar
[0m[32m[D][0m   => C:\Users\kmarrero\AppData\Local\Coursier\Cache\v1\https\repo1.maven.org\maven2\com\vladsch\flexmark\flexmark-ext-gfm-tasklist\0.42.12\flexmark-ext-gfm-tasklist-0.42.12.jar
[0m[32m[D][0m   => C:\Users\kmarrero\AppData\Local\Coursier\Cache\v1\https\repo1.maven.org\maven2\com\vladsch\flexmark\flexmark-ext-ins\0.42.12\flexmark-ext-ins-0.42.12.jar
[0m[32m[D][0m   => C:\Users\kmarrero\AppData\Local\Coursier\Cache\v1\https\repo1.maven.org\maven2\com\vladsch\flexmark\flexmark-ext-superscript\0.42.12\flexmark-ext-superscript-0.42.12.jar
[0m[32m[D][0m   => C:\Users\kmarrero\AppData\Local\Coursier\Cache\v1\https\repo1.maven.org\maven2\com\vladsch\flexmark\flexmark-ext-tables\0.42.12\flexmark-ext-tables-0.42.12.jar
[0m[32m[D][0m   => C:\Users\kmarrero\AppData\Local\Coursier\Cache\v1\https\repo1.maven.org\maven2\com\vladsch\flexmark\flexmark-ext-wikilink\0.42.12\flexmark-ext-wikilink-0.42.12.jar
[0m[32m[D][0m   => C:\Users\kmarrero\AppData\Local\Coursier\Cache\v1\https\repo1.maven.org\maven2\com\vladsch\flexmark\flexmark-ext-yaml-front-matter\0.42.12\flexmark-ext-yaml-front-matter-0.42.12.jar
[0m[32m[D][0m   => C:\Users\kmarrero\AppData\Local\Coursier\Cache\v1\https\repo1.maven.org\maven2\com\vladsch\flexmark\flexmark-formatter\0.42.12\flexmark-formatter-0.42.12.jar
[0m[32m[D][0m   => C:\Users\kmarrero\AppData\Local\Coursier\Cache\v1\https\repo1.maven.org\maven2\com\vladsch\flexmark\flexmark-html-parser\0.42.12\flexmark-html-parser-0.42.12.jar
[0m[32m[D][0m   => C:\Users\kmarrero\AppData\Local\Coursier\Cache\v1\https\repo1.maven.org\maven2\com\vladsch\flexmark\flexmark-jira-converter\0.42.12\flexmark-jira-converter-0.42.12.jar
[0m[32m[D][0m   => C:\Users\kmarrero\AppData\Local\Coursier\Cache\v1\https\repo1.maven.org\maven2\com\vladsch\flexmark\flexmark-util\0.42.12\flexmark-util-0.42.12.jar
[0m[32m[D][0m   => C:\Users\kmarrero\AppData\Local\Coursier\Cache\v1\https\repo1.maven.org\maven2\com\vladsch\flexmark\flexmark\0.42.12\flexmark-0.42.12.jar
[0m[32m[D][0m   => C:\Users\kmarrero\AppData\Local\Coursier\Cache\v1\https\repo1.maven.org\maven2\net\java\dev\jna\jna\5.3.1\jna-5.3.1.jar
[0m[32m[D][0m   => C:\Users\kmarrero\AppData\Local\Coursier\Cache\v1\https\repo1.maven.org\maven2\nl\big-o\liqp\0.6.7\liqp-0.6.7.jar
[0m[32m[D][0m   => C:\Users\kmarrero\AppData\Local\Coursier\Cache\v1\https\repo1.maven.org\maven2\org\antlr\ST4\4.0.7\ST4-4.0.7.jar
[0m[32m[D][0m   => C:\Users\kmarrero\AppData\Local\Coursier\Cache\v1\https\repo1.maven.org\maven2\org\antlr\antlr-runtime\3.5.1\antlr-runtime-3.5.1.jar
[0m[32m[D][0m   => C:\Users\kmarrero\AppData\Local\Coursier\Cache\v1\https\repo1.maven.org\maven2\org\antlr\antlr\3.5.1\antlr-3.5.1.jar
[0m[32m[D][0m   => C:\Users\kmarrero\AppData\Local\Coursier\Cache\v1\https\repo1.maven.org\maven2\org\jline\jline-reader\3.19.0\jline-reader-3.19.0.jar
[0m[32m[D][0m   => C:\Users\kmarrero\AppData\Local\Coursier\Cache\v1\https\repo1.maven.org\maven2\org\jline\jline-terminal-jna\3.19.0\jline-terminal-jna-3.19.0.jar
[0m[32m[D][0m   => C:\Users\kmarrero\AppData\Local\Coursier\Cache\v1\https\repo1.maven.org\maven2\org\jline\jline-terminal\3.19.0\jline-terminal-3.19.0.jar
[0m[32m[D][0m   => C:\Users\kmarrero\AppData\Local\Coursier\Cache\v1\https\repo1.maven.org\maven2\org\jsoup\jsoup\1.13.1\jsoup-1.13.1.jar
[0m[32m[D][0m   => C:\Users\kmarrero\AppData\Local\Coursier\Cache\v1\https\repo1.maven.org\maven2\org\nibor\autolink\autolink\0.6.0\autolink-0.6.0.jar
[0m[32m[D][0m   => C:\Users\kmarrero\AppData\Local\Coursier\Cache\v1\https\repo1.maven.org\maven2\org\scala-lang\modules\scala-asm\9.1.0-scala-1\scala-asm-9.1.0-scala-1.jar
[0m[32m[D][0m   => C:\Users\kmarrero\AppData\Local\Coursier\Cache\v1\https\repo1.maven.org\maven2\org\scala-lang\scala-library\2.13.6\scala-library-2.13.6.jar
[0m[32m[D][0m   => C:\Users\kmarrero\AppData\Local\Coursier\Cache\v1\https\repo1.maven.org\maven2\org\scala-lang\scala3-compiler_3\3.1.0\scala3-compiler_3-3.1.0.jar
[0m[32m[D][0m   => C:\Users\kmarrero\AppData\Local\Coursier\Cache\v1\https\repo1.maven.org\maven2\org\scala-lang\scala3-interfaces\3.1.0\scala3-interfaces-3.1.0.jar
[0m[32m[D][0m   => C:\Users\kmarrero\AppData\Local\Coursier\Cache\v1\https\repo1.maven.org\maven2\org\scala-lang\scala3-library_3\3.1.0\scala3-library_3-3.1.0.jar
[0m[32m[D][0m   => C:\Users\kmarrero\AppData\Local\Coursier\Cache\v1\https\repo1.maven.org\maven2\org\scala-lang\scala3-tasty-inspector_3\3.1.0\scala3-tasty-inspector_3-3.1.0.jar
[0m[32m[D][0m   => C:\Users\kmarrero\AppData\Local\Coursier\Cache\v1\https\repo1.maven.org\maven2\org\scala-lang\scaladoc_3\3.1.0\scaladoc_3-3.1.0.jar
[0m[32m[D][0m   => C:\Users\kmarrero\AppData\Local\Coursier\Cache\v1\https\repo1.maven.org\maven2\org\scala-lang\tasty-core_3\3.1.0\tasty-core_3-3.1.0.jar
[0m[32m[D][0m   => C:\Users\kmarrero\AppData\Local\Coursier\Cache\v1\https\repo1.maven.org\maven2\org\scala-sbt\compiler-interface\1.3.5\compiler-interface-1.3.5.jar
[0m[32m[D][0m   => C:\Users\kmarrero\AppData\Local\Coursier\Cache\v1\https\repo1.maven.org\maven2\org\scala-sbt\util-interface\1.3.0\util-interface-1.3.0.jar
[0m[32m[D][0m   => C:\Users\kmarrero\AppData\Local\Coursier\Cache\v1\https\repo1.maven.org\maven2\org\yaml\snakeyaml\1.23\snakeyaml-1.23.jar
[0m[32m[D][0m Configured Scala SemanticDB in projects 'root', 'root-test'
[0m[32m[D][0m Missing analysis file for project 'server-test'
[0m[32m[D][0m Missing analysis file for project 'client'
[0m[32m[D][0m Missing analysis file for project 'client-test'
[0m[32m[D][0m Missing analysis file for project 'root'
[0m[32m[D][0m Missing analysis file for project 'root-test'
[0m[32m[D][0m Loading previous analysis for 'server' from 'J:\scala\scala-study\stevedore\server\target\streams\compile\bloopAnalysisOut\_global\streams\inc_compile_3.zip'.
[0m[32m[D][0m Waiting for a connection at 127.0.0.1:27925...
The server is listening for incoming connections at tcp://127.0.0.1:27925...
Starting thread that pumps stdin and redirects it to the bsp server...
Starting thread that pumps server stdout and redirects it to the client stdout...
[0m2021.12.28 14:25:46 INFO  tracing is disabled for protocol BSP, to enable tracing of incoming and outgoing JSON messages create an empty file at C:\Users\kmarrero\AppData\Local\scalameta\metals\cache\bsp.trace.json[0m
[0m2021.12.28 14:25:46 INFO  Attempting to connect to the build server...[0m
[0mStarting the bsp launcher for bloop...2021.12.28 14:25:46 
INFO  Attempting to connect to the build server...[0m
Opening a bsp server connection with 'bsp --protocol tcp --port 36850'...
Waiting for the bsp connection to come up...
Starting the bsp launcher for bloop...
Opening a bsp server connection with 'bsp --protocol tcp --port 16231'...
Waiting for the bsp connection to come up...
[0m[32m[D][0m Loading workspace settings from bloop.settings.json
[0m[32m[D][0m Waiting for a connection at 127.0.0.1:36850...
The server is listening for incoming connections at tcp://127.0.0.1:36850...
[0m[32m[D][0m Loading workspace settings from bloop.settings.json
[0m[32m[D][0m Waiting for a connection at 127.0.0.1:16231...
The server is listening for incoming connections at tcp://127.0.0.1:16231...
Starting thread that pumps stdin and redirects it to the bsp server...
Starting thread that pumps stdin and redirects it to the bsp server...
Starting thread that pumps server stdout and redirects it to the client stdout...
Starting thread that pumps server stdout and redirects it to the client stdout...
[0m2021.12.28 14:25:47 INFO  tracing is disabled for protocol BSP, to enable tracing of incoming and outgoing JSON messages create an empty file at C:\Users\kmarrero\AppData\Local\scalameta\metals\cache\bsp.trace.json[0m
[0m2021.12.28 14:25:47 INFO  tracing is disabled for protocol BSP, to enable tracing of incoming and outgoing JSON messages create an empty file at C:\Users\kmarrero\AppData\Local\scalameta\metals\cache\bsp.trace.json[0m
[0m2021.12.28 14:25:47 INFO  time: Connected to build server in 7.01s[0m
[0m2021.12.28 14:25:47 INFO  Connected to Build server: Bloop v1.4.11[0m
[0m2021.12.28 14:25:47 INFO  time: Imported build in 0.11s[0m
[0m2021.12.28 14:25:50 INFO  time: indexed workspace in 2.94s[0m
[0m2021.12.28 14:25:52 INFO  no build target: using presentation compiler with only scala-library: 3.1.0[0m
[0m2021.12.28 14:27:31 WARN  no build target for: J:\scala\scala-study\stevedore\shared\src\main\scala\steve\model.scala[0m
[0m2021.12.28 14:31:15 INFO  skipping build import with status 'Requested'[0m
[0m2021.12.28 14:53:27 WARN  no build target for: J:\scala\scala-study\stevedore\.history\build_20211228143315.sbt[0m
Dec 28, 2021 2:53:35 PM org.eclipse.lsp4j.jsonrpc.services.GenericEndpoint notify
INFO: Unsupported notification method: $/setTrace
[0m2021.12.28 15:22:16 INFO  skipping build import with status 'Dismissed'[0m
